# Table of Contents

- [CTF Handbook](#ctf-handbook)
- [What is a CTF - CTF Handbook](#what-is-a-ctf-ctf-handbook)
- [Overview - CTF Handbook](#overview-ctf-handbook)
- [Overview - CTF Handbook](#overview-ctf-handbook)
- [Overview - CTF Handbook](#overview-ctf-handbook)
- [Overview - CTF Handbook](#overview-ctf-handbook)
- [How to connect to services - CTF Handbook](#how-to-connect-to-services-ctf-handbook)
- [Overview - CTF Handbook](#overview-ctf-handbook)
- [Getting Started with CTFs - CTF Handbook](#getting-started-with-ctfs-ctf-handbook)
- [How do I host a CTF - CTF Handbook](#how-do-i-host-a-ctf-ctf-handbook)
- [File Formats - CTF Handbook](#file-formats-ctf-handbook)
- [Metadata - CTF Handbook](#metadata-ctf-handbook)
- [Wireshark - CTF Handbook](#wireshark-ctf-handbook)
- [Stegonagraphy - CTF Handbook](#stegonagraphy-ctf-handbook)
- [Disk Imaging - CTF Handbook](#disk-imaging-ctf-handbook)
- [Memory Forensics - CTF Handbook](#memory-forensics-ctf-handbook)
- [Hex Editors - CTF Handbook](#hex-editors-ctf-handbook)
- [Packet Capture - CTF Handbook](#packet-capture-ctf-handbook)
- [Hashing Functions - CTF Handbook](#hashing-functions-ctf-handbook)
- [XOR - CTF Handbook](#xor-ctf-handbook)
- [Caesar Cipher/ROT 13 - CTF Handbook](#caesar-cipher-rot-13-ctf-handbook)
- [Substitution Cipher - CTF Handbook](#substitution-cipher-ctf-handbook)
- [Vigenere Cipher - CTF Handbook](#vigenere-cipher-ctf-handbook)
- [Block Ciphers - CTF Handbook](#block-ciphers-ctf-handbook)
- [Command Injection - CTF Handbook](#command-injection-ctf-handbook)
- [Stream Ciphers - CTF Handbook](#stream-ciphers-ctf-handbook)
- [SQL Injection - CTF Handbook](#sql-injection-ctf-handbook)
- [RSA - CTF Handbook](#rsa-ctf-handbook)
- [Cross Site Request Forgery - CTF Handbook](#cross-site-request-forgery-ctf-handbook)
- [Directory Traversal - CTF Handbook](#directory-traversal-ctf-handbook)
- [Server Side Request Forgery - CTF Handbook](#server-side-request-forgery-ctf-handbook)
- [Cross Site Scripting (XSS) - CTF Handbook](#cross-site-scripting-xss-ctf-handbook)
- [Registers - CTF Handbook](#registers-ctf-handbook)
- [Disassemblers - CTF Handbook](#disassemblers-ctf-handbook)
- [Assembly/Machine Code - CTF Handbook](#assembly-machine-code-ctf-handbook)
- [Global Offset Table (GOT) - CTF Handbook](#global-offset-table-got-ctf-handbook)
- [Decompilers - CTF Handbook](#decompilers-ctf-handbook)
- [PHP - CTF Handbook](#php-ctf-handbook)
- [Debuggers - CTF Handbook](#debuggers-ctf-handbook)
- [Calling Conventions - CTF Handbook](#calling-conventions-ctf-handbook)
- [The C Programming Language - CTF Handbook](#the-c-programming-language-ctf-handbook)
- [Format String Vulnerability - CTF Handbook](#format-string-vulnerability-ctf-handbook)
- [What are Buffers - CTF Handbook](#what-are-buffers-ctf-handbook)
- [What is Binary Security - CTF Handbook](#what-is-binary-security-ctf-handbook)
- [No eXecute (NX) - CTF Handbook](#no-execute-nx-ctf-handbook)
- [Return Oriented Programming (ROP) - CTF Handbook](#return-oriented-programming-rop-ctf-handbook)
- [The Stack - CTF Handbook](#the-stack-ctf-handbook)
- [Address Space Layout Randomization (ASLR) - CTF Handbook](#address-space-layout-randomization-aslr-ctf-handbook)
- [Buffer Overflow - CTF Handbook](#buffer-overflow-ctf-handbook)
- [Relocation Read-Only (RELRO) - CTF Handbook](#relocation-read-only-relro-ctf-handbook)
- [Stack Canaries - CTF Handbook](#stack-canaries-ctf-handbook)
- [What is the Heap - CTF Handbook](#what-is-the-heap-ctf-handbook)
- [Heap Exploitation - CTF Handbook](#heap-exploitation-ctf-handbook)
- [I need a server - CTF Handbook](#i-need-a-server-ctf-handbook)
- [Recommended Software - CTF Handbook](#recommended-software-ctf-handbook)

---

# CTF Handbook

 

[Skip to content](https://ctf101.org/#capture-the-flag-101)

Capture The Flag 101 🚩
=======================

Welcome
-------

Welcome to **CTF101**, a site documenting the basics of playing Capture the Flags. This guide was written and maintained by the [OSIRIS Lab](https://osiris.cyber.nyu.edu/)
 at New York University in collaboration with [CTFd](https://ctfd.io/)
.

In this handbook you'll learn the basics™ behind the methodologies and techniques needed to succeed in Capture the Flag competitions.

Ready? [What is a CTF?](https://ctf101.org/intro/what-is-a-ctf/)

Contributions
-------------

> Thank you to our incredible contributors. They work hard to keep this project open and available to everyone.

This project is open sourced under the MIT Open Source License. For more information, check out the [MIT License](https://tlo.mit.edu/understand-ip/exploring-mit-open-source-license-comprehensive-guide)
 page.

Info

If you're interested in contributing to make this site great, please check out our [Contributing](https://github.com/osirislab/ctf101#Contributing)
 section on Github!

Back to top

---

# What is a CTF - CTF Handbook

 

[Skip to content](https://ctf101.org/intro/what-is-a-ctf/#what-is-a-ctf)

What is a CTF?
==============

Capture the Flags, or CTFs, are computer security competitions. Teams of competitors (or just individuals) are pitted against each other in various challenges across multiple security disciplines, competing to earn the most points.

Why play CTFs?
--------------

Real-world vulnerabilities are featured in challenges, allowing you to flex your programming, problem solving, and teamwork skills! CTFs are often the beginning of one's cyber security career due to their team building nature and competitive aspect. In addition, there isn't a lot of commitment required beyond a weekend.

CTFs bring these vulnerabilities right to your machine in small, compartmentalized challenges, fostering collaboration and community building (with friendly competition of course!).

If you're looking to meet new people in this space, check out your local [CitySec](https://www.reddit.com/r/netsec/wiki/meetups/citysec/)
!

Who can play in a CTF?
----------------------

Participants can work individually or in teams to solve challenges. Typically, an organization would feature multiple members playing for the same team, working together to solve challenges. If you're working alone, we encourage you to do some searching or friendly recruiting to have another mind to bounce ideas off of!

Info

For information about ongoing CTFs, check out [CTFTime](https://ctftime.org/)
.

Do I need special tools or computers?
-------------------------------------

A terminal environment is essential to experiment and install tools in. Linux and MacOS systems should already have terminal emulators installed natively.

If you're on Windows, install Linux with [WSL](https://learn.microsoft.com/en-us/windows/wsl/install)
 or setup a VM ([virtual machine](https://azure.microsoft.com/en-us/resources/cloud-computing-dictionary/what-is-a-virtual-machine)
). See our [recommended software](https://ctf101.org/faq/recommended-software/)
.

Info

Images like [Kali Linux](https://www.kali.org/get-kali/#kali-platforms)
 come prebuilt with tools for all your pentesting needs!

To learn more about getting a server or connecting to challenges, check out the [FAQ](https://ctf101.org/faq/connecting-to-services/)
!

Got the hang of it? Move on to [CTF-basics](https://ctf101.org/intro/ctf-basics/)

Back to top

---

# Overview - CTF Handbook

 

[Skip to content](https://ctf101.org/forensics/overview/#forensics)

Forensics
=========

Forensics is the art of recovering the digital trail left on a computer. There are plenty of methods to find data which is seemingly deleted, not stored, or worse, covertly recorded.

An important part of forensics is having the right tools, as well as being familiar with using them. Approach forensics challenges with an open mind. It's not uncommon to have obscure CTF challenges hide flags in the darkest of corners!

Real World Forentics™️

Unlike CTFs normally portray them, real-world forensics are rarely esoteric. For example, it might have you reassembling the boot partitions of a hard drive to recover it's data and file system. Thus, CTF forensics are normally puzzle, "brain-teaser" problems that aims to introduce a tool or method.

The [Forensics Wiki](https://forensics.wiki/)
 is an extraordinary guide to many of the tools used. Give it a read if you're interested in this category!

Back to top

---

# Overview - CTF Handbook

 

[Skip to content](https://ctf101.org/web-exploitation/overview/#web-exploitation)

Web Exploitation
================

Websites all around the world are programmed using various programming languages. While there are specific vulnerabilities in each programming langrage that the developer should be aware of, there are issues fundamental to the internet that can show up regardless of the chosen language or framework.

These vulnerabilities often show up in CTFs as web security challenges where the user needs to exploit a bug to gain some kind of higher level privilege.

Web Frameworks

As a "prerequisite" to getting into web exploitation, understanding the most common web frameworks is a good way to identify potential targets.

Back to top

---

# Overview - CTF Handbook

 

[Skip to content](https://ctf101.org/reverse-engineering/overview/#reverse-engineering)

Reverse Engineering
===================

Reverse Engineering in a CTF is typically the process of taking a compiled (machine code, bytecode) program and converting it back into a more human readable format.

Very often the goal of a reverse engineering challenge is to understand the functionality of a given program such that you can identify deeper issues.

Back to top

---

# Overview - CTF Handbook

 

[Skip to content](https://ctf101.org/cryptography/overview/#cryptography)

Cryptography
============

Cryptography is the reason we can use banking apps, transmit sensitive information over the web, and in general protect our privacy. However, a large part of CTFs is breaking widely used encryption schemes which are improperly implemented. The math may seem daunting, but more often than not, a simple understanding of the underlying principles will allow you to find flaws and crack the code.

The word “cryptography” technically means the art of writing codes. When it comes to digital forensics, it’s a method you can use to understand how data is constructed for your analysis.

Math in Cryptography

Most modern cryptography systems rely on one way mathematical algorithms derived from [modular arithmetic](https://en.wikipedia.org/wiki/Modular_arithmetic)
. It's an ongoing arms race to create and implement better hardware and algorithms.

For example, the [implementation of the first RSA algorithm](https://people.csail.mit.edu/rivest/Rsapaper.pdf)
 is completely reliant on the "difficulty of factoring large numbers". It's a great example of security by design, and modern application developers still use similar derivatives.

In August 2024, NIST released the first standards for post-quantum encryption to remediate the quantum-computing threat against legacy systems. For more information, check out this [blog post](https://www.nist.gov/news-events/news/2024/08/nist-releases-first-3-finalized-post-quantum-encryption-standards)
!

What is cryptography used for?
------------------------------

**Uses in every day software**

*   Securing web traffic (passwords, communication, etc.)
*   Securing copyrighted software code
*   Key exchange algorithms

**Malicious uses**

*   Hiding malicious communication
*   Hiding malicious code

Additional Links
----------------

Back to top

---

# How to connect to services - CTF Handbook

 

[Skip to content](https://ctf101.org/faq/connecting-to-services/#how-to-connect-to-services)

How to connect to services
==========================

Note

While service challenges are often connected to with netcat or PuTTY, solving them will sometimes require using a scripting language like Python. CTF players often use Python alongside [pwntools](https://github.com/Gallopsled/pwntools/)
.

You can run [pwntools](http://docs.pwntools.com/en/stable/install.html)
 right in your browser by using [repl.it](https://repl.it/)
.

Using netcat
------------

[![netcat usage](https://ctf101.org/faq/images/netcat.gif)](https://ctf101.org/faq/images/netcat.gif)

`netcat` is a networking utility found on macOS and linux operating systems and allows for easy connections to CTF challenges. Service challenges will commonly give you an address and a port to connect to. The syntax for connecting to a service challenge with netcat is `nc <ip> <port>`.

Using ConEmu
------------

Windows users can connect to service challenges using ConEmu, which can be downloaded [here](https://conemu.github.io/)
. Connecting to service challenges with ConEmu is done by running `nc <ip> <port>`.

Back to top

---

# Overview - CTF Handbook

 

[Skip to content](https://ctf101.org/binary-exploitation/overview/#binary-exploitation)

Binary Exploitation
===================

Binaries, or executables, are machine code for a computer to execute. For the most part, the binaries that you will face in CTFs are Linux ELF files or the occasional windows executable. Binary Exploitation is a broad topic within Cyber Security which really comes down to finding a vulnerability in the program and exploiting it to gain control of a shell or modifying the program's functions.

Back to top

---

# Getting Started with CTFs - CTF Handbook

 

[Skip to content](https://ctf101.org/intro/ctf-basics/#how-to-get-started)

How to get started
==================

First of all, make sure to check out our [recommended software](https://ctf101.org/faq/recommended-software/)
 section. It's handy to have these tools installed and ready as you get to solving some CTFs.

Ideally, you must have : - a decompiler like [Binja](https://binary.ninja/)
 - a debugger, [gdb](https://www.sourceware.org/gdb/)
 - a suite of web tools, [Burp](https://portswigger.net/burp/communitydownload)
, [sqlmap](https://sqlmap.org/)
, and [Wireshark](https://www.wireshark.org/download.html)
 are solid to begin with - the essential python package [pwntools](https://docs.pwntools.com/en/stable/install.html)
 to interact with processes easily

Back to top

---

# How do I host a CTF - CTF Handbook

 

[Skip to content](https://ctf101.org/intro/how-to-run-a-ctf/#how-do-i-run-a-ctf)

How do I run a CTF?
===================

> "Is it really a CTF if you don't solve the infrastructure problem in the 24 hours before the competition?"

Before you start
----------------

Consider a few of the following before starting a CTF.

*   How many people will play in my CTF?
*   What type of challenges do I want to write?
*   How do you want to host your challenges?
*   What is my budget?

Challenge Writing
-----------------

Infrastructure
--------------

Depending on the size of your competition, you're going to need different types of deployments. Generally, you'll need a [load balancer](https://en.wikipedia.org/wiki/Load_balancing_(computing))
 to work concurrently with your web application.

Info

When we ran CSAW'23, there were over 2500 teams of ~4 people. You can try to gauge how many users your competition might have before writing a deployment.

**Open Source Frameworks**
--------------------------

### [CTFd](https://docs.ctfd.io/)

CTFd makes it easy to spin up an instance able to support a CTF at any time. Starting a local server is as easy as:

`docker run -p 8000:8000 -it ctfd/ctfd # (1)`

1.  For more information on Docker, read the [docs](https://docs.docker.com/)
    !

### [kCTF](https://google.github.io/kctf/)

kCTF is a framework written by Google built on Kubernetes. It has built in load balancing at the platform level.

### [rCTF](https://rctf.redpwn.net/)

Written by the redPWN CTF team, rCTF has a separate CI/CD module for supporting challenge deployment as well.

`curl https://get.rctf.redpwn.net | sh`

**Paid CTF Hosting**
--------------------

### [CTFd Enterprise](https://ctfd.io/pricing/)

*   Three-tiered pricing service with hosting services and on-call support.
*   Supports professional workshops generally reserved for industry security teams exercises.

### [Hack the Box CTF](https://www.hackthebox.com/business/business-ctf)

Back to top

---

# File Formats - CTF Handbook

 

[Skip to content](https://ctf101.org/forensics/what-are-file-formats/#file-formats)

File Formats
============

File Extensions are not the sole way to identify the type of a file, files have certain leading bytes called _file signatures_ which allow programs to parse the data in a consistent manner. Files can also contain additional "hidden" data called _metadata_ which can be useful in finding out information about the context of a file's data.

File Signatures
---------------

**File signatures** (also known as File Magic Numbers) are bytes within a file used to identify the format of the file. Generally they’re 2-4 bytes long, found at the beginning of a file.

### What is it used for?

Files can sometimes come without an extension, or with incorrect ones. We use file signature analysis to identify the format (file type) of the file. Programs need to know the file type in order to open it properly. It's useful to analyze the file type before any forensics software.

### How do you find the file signature?

You need to be able to look at the binary data that constitutes the file you’re examining. To do this, you’ll use a hexadecimal editor. Once you find the file signature, you can check it against file signature repositories [such as Gary Kessler’s](http://www.garykessler.net/library/file_sigs.html)
.

Example

[![File A](https://ctf101.org/forensics/images/file-a.jpg)](https://ctf101.org/forensics/images/file-a.jpg)

The file above, when opened in a hexadecimal editor like `xxd` or `hexdump`, begins with the bytes `FFD8FFE0 00104A46 494600` or in ASCII `ˇÿˇ‡ JFIF` where `\x00` and `\x10` lack symbols.

[![Example A](https://ctf101.org/forensics/images/xxd.gif)](https://ctf101.org/forensics/images/xxd.gif)

Searching in [Gary Kessler’s](http://www.garykessler.net/library/file_sigs.html)
 database shows that this file signature belongs to a `JPEG/JFIF graphics file`. You can also use the file utility in Linux to determine the file type!

`▲ ~/examples file file-a.jpg file-a.jpg: JPEG image data, JFIF standard 1.01, resolution (DPI), density 96x96, segment length 16, comment: "CREATOR: gd-jpeg v1.0 (using IJG JPEG v80), quality = 90", baseline, precision 8, 1024x576, components 3`

Back to top

---

# Metadata - CTF Handbook

 

[Skip to content](https://ctf101.org/forensics/what-is-metadata/#metadata)

Metadata
========

Metadata is data about data. Different types of files have different metadata. The metadata on a photo could include dates, camera information, GPS location, comments, etc. For music, it could include the title, author, track number and album. CTF challenges often have you looking for specific clues in the metadata of a file (especially media files).

Note

EXIF Data is metadata attached to photos which can include location, time, and device information.

How do I find it?
-----------------

One of our favorite tools is [`exiftool`](https://exiftool.org/)
, which displays metadata for an input file: - File size - Dimensions (width and height) - File type - Programs used to create (e.g. Photoshop) - OS used to create (e.g. Apple)

[![Exiftool](https://ctf101.org/forensics/images/exiftool.gif)](https://ctf101.org/forensics/images/exiftool.gif)

Example

Let's take a look at a file's metadata with exiftool:
-----------------------------------------------------

> File type

[![Metadata 1](https://ctf101.org/forensics/images/file-a-metadata-1.png)](https://ctf101.org/forensics/images/file-a-metadata-1.png)

> Image description

[![Metadata 2](https://ctf101.org/forensics/images/file-a-metadata-2.png)](https://ctf101.org/forensics/images/file-a-metadata-2.png)

> Camera make and model:

[![Metadata 3](https://ctf101.org/forensics/images/file-a-metadata-3.png)](https://ctf101.org/forensics/images/file-a-metadata-3.png)

> GPS Latitude/Longitude

[![Metadata 4](https://ctf101.org/forensics/images/file-a-metadata-4.png)](https://ctf101.org/forensics/images/file-a-metadata-4.png)

Timestamps
----------

Timestamps are data that indicate the time of certain events (MAC): - Modification – when a file was modified - Access – when a file or entries were read or accessed - Creation – when files or entries were created

### Types of timestamps

*   Modified
*   Accessed
*   Created
*   Date Changed (MFT)
*   Filename Date Created (MFT)
*   Filename Date Modified (MFT)
*   Filename Date Accessed (MFT)
*   INDX Entry Date Created
*   INDX Entry Date Modified
*   INDX Entry Date Accessed
*   INDX Entry Date Changed

### Why do we care?

Certain events such as creating, moving, copying, opening, editing, etc. might affect the MAC times. If the MAC timestamps can be attained, a timeline of events could be created.

### Timeline Patterns

There are plenty more patterns than the ones introduced below, but these are the basics you should start with to get a good understanding of how it works, and to complete this challenge.

[![Timeline 1](https://ctf101.org/forensics/images/timeline-1.png)](https://ctf101.org/forensics/images/timeline-1.png)
 [![Timeline 2](https://ctf101.org/forensics/images/timeline-2.png)](https://ctf101.org/forensics/images/timeline-2.png)
 [![Timeline 3](https://ctf101.org/forensics/images/timeline-3.png)](https://ctf101.org/forensics/images/timeline-3.png)
 [![Timeline 4](https://ctf101.org/forensics/images/timeline-4.png)](https://ctf101.org/forensics/images/timeline-4.png)
 [![Timeline 5](https://ctf101.org/forensics/images/timeline-5.png)](https://ctf101.org/forensics/images/timeline-5.png)

Example

We know that the BMP files fileA and fileD are the same, but that the JPEG files fileB and fileC are different somehow. So how can we find out what went on with these files?

[![Files A, B, C, D](https://ctf101.org/forensics/images/file-a-b-c-d.png)](https://ctf101.org/forensics/images/file-a-b-c-d.png)

By using time stamp information from the file system, we can learn that the BMP fileD was the original file, with fileA being a copy of the original. Afterward, fileB was created by modifying fileB, and fileC was created by modifying fileA in a different way.

Follow along as we demonstrate.

We’ll start by analyzing images in AccessData FTK Imager, where there’s a Properties window that shows you some information about the file or folder you’ve selected.

[![Timestamp 1](https://ctf101.org/forensics/images/timestamp-1.png)](https://ctf101.org/forensics/images/timestamp-1.png)
 [![Timestamp 2](https://ctf101.org/forensics/images/timestamp-2.png)](https://ctf101.org/forensics/images/timestamp-2.png)
 [![Timestamp 3](https://ctf101.org/forensics/images/timestamp-3.png)](https://ctf101.org/forensics/images/timestamp-3.png)
 [![Timestamp 4](https://ctf101.org/forensics/images/timestamp-4.png)](https://ctf101.org/forensics/images/timestamp-4.png)

Here are the extracted MAC times for fileA, fileB, fileC and fileD:

[![Timestamp 5](https://ctf101.org/forensics/images/timestamp-5.png)](https://ctf101.org/forensics/images/timestamp-5.png)

Note

AccessData FTK Imager assumes that the file times on the drive are in UTC (Universal Coordinated Time). I subtracted four hours, since the USB was set up in Eastern Standard Time. This isn’t necessary, but it helps me understand the times a bit better.\*

Highlight timestamps that are the same, if timestamps are off by a few seconds, they should be counted as the same. This lets you see a clear difference between different timestamps. Then, highlight oldest to newest to help put them in order.

[![Timestamp 6](https://ctf101.org/forensics/images/timestamp-6.png)](https://ctf101.org/forensics/images/timestamp-6.png)
 [![Timestamp 7](https://ctf101.org/forensics/images/timestamp-7.png)](https://ctf101.org/forensics/images/timestamp-7.png)
 [![Timestamp 8](https://ctf101.org/forensics/images/timestamp-8.png)](https://ctf101.org/forensics/images/timestamp-8.png)
 [![Timestamp 9](https://ctf101.org/forensics/images/timestamp-9.png)](https://ctf101.org/forensics/images/timestamp-9.png)
 [![Timestamp 10](https://ctf101.org/forensics/images/timestamp-10.png)](https://ctf101.org/forensics/images/timestamp-10.png)
 [![Timestamp 11](https://ctf101.org/forensics/images/timestamp-11.png)](https://ctf101.org/forensics/images/timestamp-11.png)
 [![Timestamp 12](https://ctf101.org/forensics/images/timestamp-12.png)](https://ctf101.org/forensics/images/timestamp-12.png)
 [![Timestamp 13](https://ctf101.org/forensics/images/timestamp-13.png)](https://ctf101.org/forensics/images/timestamp-13.png)
 [![Timestamp 14](https://ctf101.org/forensics/images/timestamp-14.png)](https://ctf101.org/forensics/images/timestamp-14.png)
 [![Timestamp 15](https://ctf101.org/forensics/images/timestamp-15.png)](https://ctf101.org/forensics/images/timestamp-15.png)

Identify timestamp patterns.

[![Timestamp 16](https://ctf101.org/forensics/images/timestamp-16.png)](https://ctf101.org/forensics/images/timestamp-16.png)

Back to top

---

# Wireshark - CTF Handbook

 

[Skip to content](https://ctf101.org/forensics/what-is-wireshark/#wireshark)

Wireshark
=========

Overview
--------

[Wireshark](http://www.wireshark.com/)
 is a network protocol analyzer which is often used in CTF challenges to look at recorded network traffic. Wireshark uses a filetype called .pcap, or "packet capture", to record traffic.

Info

`.pcap`'s are often distributed in CTF challenges to provide recorded traffic history and are one of the most common forms of forensics challenge.

Example

Upon opening Wireshark, you are greeted with the option to open a PCAP or begin capturing network traffic on your device.

[![Wireshark Start Screen](https://ctf101.org/forensics/images/ws-start-screen.png)](https://ctf101.org/forensics/images/ws-start-screen.png)

The network traffic displayed initially shows the packets in order of which they were captured. You can filter packets by protocol, source IP address, destination IP address, length, etc.

[![PCAP Screen](https://ctf101.org/forensics/images/ws-pcap-screen.png)](https://ctf101.org/forensics/images/ws-pcap-screen.png)

In order to apply filters, simply enter the constraining factor, for example 'http', in the display filter bar.

[![PCAP HTTP Filter](https://ctf101.org/forensics/images/ws-filter.png)](https://ctf101.org/forensics/images/ws-filter.png)

Filters can be chained together using '&&' notation. In order to filter by IP, ensure a double equals '==' is used.

[![PCAP HTTP IP Filter](https://ctf101.org/forensics/images/ws-filter-2.png)](https://ctf101.org/forensics/images/ws-filter-2.png)

The most pertinent part of a packet is its data payload and protocol information.

[![HTTP TCP Info](https://ctf101.org/forensics/images/ws-tcp-http-info.png)](https://ctf101.org/forensics/images/ws-tcp-http-info.png)

Decrypting SSL Traffic
----------------------

By default, Wireshark cannot decrypt SSL traffic on your device unless you grant it specific certificates.

### High Level SSL Handshake Overview

In order for a network session to be encrypted properly, the client and server must share a common secret for which they can use to encrypt and decrypt data without someone in the middle being able to guess. The SSL Handshake loosely follows this format:

1.  The client sends a list of available cipher suites it can use along with a random set of bytes referred to as `client_random`
2.  The server sends back the cipher suite that will be used, such as `TLS_DHE_RSA_WITH_AES_128_CBC_SHA`, along with a random set of bytes referred to as `server_random`
3.  The client generates a pre-master secret, encrypts it, then sends it to the server.
4.  The server and client then generate a common master secret using the selected cipher suite
5.  The client and server begin communicating using this common secret

### Decryption Requirements

There are several ways to be able to decrypt traffic.

*   If you have the client and server random values _and_ the pre-master secret, the master secret can be generated and used to decrypt the traffic
*   If you have the master secret, traffic can be decrypted easily
*   If the cipher-suite uses `RSA` and is sufficiently vulnerable in complexity, you can factor _n_ in the key in order to break the encryption on the encrypted pre-master secret and generate the master secret with the client and server randoms.

[![Wireshark SSL Preferences](https://ctf101.org/forensics/images/ws-ssl-pref.png)](https://ctf101.org/forensics/images/ws-ssl-pref.png)

Back to top

---

# Stegonagraphy - CTF Handbook

 

[Skip to content](https://ctf101.org/forensics/what-is-stegonagraphy/#steganography)

Steganography
=============

Steganography is the practice of hiding data in plain sight. Steganography is often embedded in images or audio.

You could send a picture of a cat to a friend and hide text inside. Looking at the image, there’s nothing to make anyone think there’s a message hidden inside it.

[![Steg with text](https://ctf101.org/forensics/images/steg-cat-text.png)](https://ctf101.org/forensics/images/steg-cat-text.png)

You could also hide a second image inside the first.

[![Steg with an Image](https://ctf101.org/forensics/images/steg-cat-image.png)](https://ctf101.org/forensics/images/steg-cat-image.png)

Steganography Detection
-----------------------

So we can hide text and an image, how do we find out if there is hidden data?

[![Group of images](https://ctf101.org/forensics/images/steg-a-b-c-d.png)](https://ctf101.org/forensics/images/steg-a-b-c-d.png)

FileA and FileD appear the same, but they’re different. Also, FileD was modified after it was copied, so it’s possible there might be steganography in it.

FileB and FileC don’t appear to have been modified after being created. That doesn’t rule out the possibility that there’s steganography in them, but you’re more likely to find it in fileD. This brings up two questions:

1.  Can we determine that there is steganography in fileD?
2.  If there is, what was hidden in it?

LSB Steganography
-----------------

File are made of bytes. Each byte is composed of eight bits.

[![Steganography Process Step 1](https://ctf101.org/forensics/images/steg-step-1.png)](https://ctf101.org/forensics/images/steg-step-1.png)

Changing the least-significant bit (LSB) doesn’t change the value very much.

[![Steganography Process Step 2](https://ctf101.org/forensics/images/steg-step-2.png)](https://ctf101.org/forensics/images/steg-step-2.png)

So we can modify the LSB without changing the file noticeably. By doing so, we can hide a message inside.

### LSB Steganography in Images

LSB Steganography or _Least Significant Bit_ Steganography is a method of Steganography where data is recorded in the lowest bit of a byte.

Say an image has a pixel with an RGB value of (255, 255, 255), the bits of those RGB values will look like

By modifying the lowest, or least significant, bit, we can use the 1 bit space across every RGB value for every pixel to construct a message.

Consider this

rgb(255,255,255) is represented by `11111111` in binary. However, what difference does changing this to `11111110` make?

The reason steganography is hard to detect by sight is because a 1 bit difference in color is insignificant as seen below.

[![1 Bit Difference](https://ctf101.org/forensics/images/lsb-color-difference.png)](https://ctf101.org/forensics/images/lsb-color-difference.png)

Example

Let’s say we have an image, and part of it contains the following binary:

[![Steganography Process Step 3](https://ctf101.org/forensics/images/steg-step-3.png)](https://ctf101.org/forensics/images/steg-step-3.png)

And let’s say we want to hide the character y inside.

First, we need to convert the hidden message to binary.

[![Steganography Process Step 4](https://ctf101.org/forensics/images/steg-step-4.png)](https://ctf101.org/forensics/images/steg-step-4.png)

Now we take each bit from the hidden message and replace the LSB of the corresponding byte with it.

[![Steganography Process Step 5](https://ctf101.org/forensics/images/steg-step-5.png)](https://ctf101.org/forensics/images/steg-step-5.png)

And again:

[![Steganography Process Step 6](https://ctf101.org/forensics/images/steg-step-6.png)](https://ctf101.org/forensics/images/steg-step-6.png)

And again:

[![Steganography Process Step 7](https://ctf101.org/forensics/images/steg-step-7.png)](https://ctf101.org/forensics/images/steg-step-7.png)

And again:

[![Steganography Process Step 8](https://ctf101.org/forensics/images/steg-step-8.png)](https://ctf101.org/forensics/images/steg-step-8.png)

And again:

[![Steganography Process Step 9](https://ctf101.org/forensics/images/steg-step-9.png)](https://ctf101.org/forensics/images/steg-step-9.png)

And again:

[![Steganography Process Step 10](https://ctf101.org/forensics/images/steg-step-10.png)](https://ctf101.org/forensics/images/steg-step-10.png)

And again:

[![Steganography Process Step 11](https://ctf101.org/forensics/images/steg-step-11.png)](https://ctf101.org/forensics/images/steg-step-11.png)

And once more:

[![Steganography Process Step 12](https://ctf101.org/forensics/images/steg-step-12.png)](https://ctf101.org/forensics/images/steg-step-12.png)

Decoding LSB steganography is exactly the same as encoding, but in reverse. For each byte, grab the LSB and add it to your decoded message. Once you’ve gone through each byte, convert all the LSBs you grabbed into text or a file. (You can use your file signature knowledge here!)

Back to top

---

# Disk Imaging - CTF Handbook

 

[Skip to content](https://ctf101.org/forensics/what-is-disk-imaging/#disk-imaging)

Disk Imaging
============

A forensic image is an electronic copy of a drive (e.g. a hard drive, USB, etc.). It’s a bit-by-­bit or bitstream file that’s an exact, unaltered copy of the media being duplicated.

Wikipedia said that the most straight­forward disk imaging method is to read a disk from start to finish and write the data to a forensics image format. “This can be a time-consuming process, especially for disks with a large capacity."

Checksum
--------

Validating files is one of the most important aspects of disk forensics. This hash will change if any part of file is changed, making it great for catching alterations to the original source.

Validating Downloads

Checking the hash of a download is also good practice when using third-party vendors for common software. It catches tampered files that could potentially contain malware. [![Dell MD5](https://ctf101.org/forensics/images/sha.png)](https://ctf101.org/forensics/images/sha.png)

We can use tools like `md5sum` or `sha256sum` from the command line to generate the hashes of a file. _Observe the different hash when the file is altered._ [![Hash](https://ctf101.org/forensics/images/hash.gif)](https://ctf101.org/forensics/images/hash.gif)

Write Blocker
-------------

It's common practice to use a write blocker before imagining a disk. This prevents unintended writes to the disk to maintain integrity.

[Kali Linux](https://www.kali.org/docs/general-use/kali-linux-forensics-mode/)
 has a "forensics" mode that features a write blocker and is designed for all sorts of forensics in mind.

Why image a disk?
-----------------

*   Prevents tampering with the original data­ evidence
*   Allows you to play around with the copy, without worrying about messing up the original

Forensic Image Extraction

This example uses the tool [AccessData FTK Imager](http://accessdata.com/product-download)
.

**Step 1**: Go to `File > Create Disk Image`

[![File Image Demo](https://ctf101.org/forensics/images/image-demo-1.png)](https://ctf101.org/forensics/images/image-demo-1.png)

**Step 2**: Select `Physical Drive`, because the USB or hard drive you’re imaging is a physical device or drive.

[![File Image Demo](https://ctf101.org/forensics/images/image-demo-2.png)](https://ctf101.org/forensics/images/image-demo-2.png)

**Step 3**: Select the drive you’re imaging. The 1000 GB is my computer hard drive; the 128 MB is the USB that I want to image.

[![File Image Demo](https://ctf101.org/forensics/images/image-demo-3.png)](https://ctf101.org/forensics/images/image-demo-3.png)

**Step 4**: Add a new image destination

[![File Image Demo](https://ctf101.org/forensics/images/image-demo-4.png)](https://ctf101.org/forensics/images/image-demo-4.png)

**Step 5**: Select whichever image type you want. Choose `Raw (dd)` if you’re a beginner, since it’s the most common type

[![File Image Demo](https://ctf101.org/forensics/images/image-demo-5.png)](https://ctf101.org/forensics/images/image-demo-5.png)

**Step 6**: Fill in all the evidence information

[![File Image Demo](https://ctf101.org/forensics/images/image-demo-6.png)](https://ctf101.org/forensics/images/image-demo-6.png)

**Step 7**: Choose where you want to store it

[![File Image Demo](https://ctf101.org/forensics/images/image-demo-7.png)](https://ctf101.org/forensics/images/image-demo-7.png)

**Step 8**: The image destination has been added. Now you can start the image extraction

[![File Image Demo](https://ctf101.org/forensics/images/image-demo-8.png)](https://ctf101.org/forensics/images/image-demo-8.png)

**Step 9**: Wait for the image to be extracted

[![File Image Demo](https://ctf101.org/forensics/images/image-demo-9.png)](https://ctf101.org/forensics/images/image-demo-9.png)

**Step 10**: This is the completed extraction

[![File Image Demo](https://ctf101.org/forensics/images/image-demo-10.png)](https://ctf101.org/forensics/images/image-demo-10.png)

**Step 11**: Add the image you just created so that you can view it

[![File Image Demo](https://ctf101.org/forensics/images/image-demo-11.png)](https://ctf101.org/forensics/images/image-demo-11.png)

**Step 12**: This time, choose image file, since that’s what you just created

[![File Image Demo](https://ctf101.org/forensics/images/image-demo-12.png)](https://ctf101.org/forensics/images/image-demo-12.png)

**Step 13**: Enter the path of the image you just created

[![File Image Demo](https://ctf101.org/forensics/images/image-demo-13.png)](https://ctf101.org/forensics/images/image-demo-13.png)

**Step 14**: View the image.

1.  Evidence tree Structure of the drive image
2.  File list List of all the files in the drive image folder
3.  Properties Properties of the file/folder being examined
4.  Hex viewer View of the drive/folders/files in hexadecimal

[![File Image Demo](https://ctf101.org/forensics/images/image-demo-14.png)](https://ctf101.org/forensics/images/image-demo-14.png)

**Step 15**: To view files in the USB, go to `Partition 1 > [USB name] > [root]` in the Evidence Tree and look in the File List

[![File Image Demo](https://ctf101.org/forensics/images/image-demo-15.png)](https://ctf101.org/forensics/images/image-demo-15.png)

**Step 16**: Selecting fileA, fileB, fileC, or fileD gives us some properties of the files & a preview of each photo

[![File Image Demo](https://ctf101.org/forensics/images/image-demo-16.png)](https://ctf101.org/forensics/images/image-demo-16.png)

**Step 17**: Extract files of interest for further analysis by selecting, right-clicking and choosing `Export Files`

[![File Image Demo](https://ctf101.org/forensics/images/image-demo-17.png)](https://ctf101.org/forensics/images/image-demo-17.png)

Back to top

---

# Memory Forensics - CTF Handbook

 

[Skip to content](https://ctf101.org/forensics/what-is-memory-forensics/#memory-forensics)

Memory Forensics
================

There are plenty of traces of someone's activity on a computer, but perhaps some of the most valuble information can be found within memory dumps, that is images taken of RAM. These dumps of data are often very large, but can be analyzed using a tool called [Volatility](http://www.volatilityfoundation.org/)

Volatility Basics
-----------------

Memory forensics isn't all that complicated, the hardest part would be using your toolset correctly. A good workflow is as follows:

1.  Run `strings` for clues
2.  Identify the image profile (which OS, version, etc.)
3.  Dump processes and look for suspicious processes
4.  Dump data related interesting processes
5.  View data in a format relating to the process (Word: .docx, Notepad: .txt, Photoshop: .psd, etc.)

### Profile Identification

In order to properly use Volatility you must supply a profile with `--profile=PROFILE`, therefore before any sleuthing, you need to determine the profile using imageinfo:

`$ python vol.py -f ~/image.raw imageinfo Volatility Foundation Volatility Framework 2.4 Determining profile based on KDBG search...            Suggested Profile(s) : Win7SP0x64, Win7SP1x64, Win2008R2SP0x64, Win2008R2SP1x64                      AS Layer1 : AMD64PagedMemory (Kernel AS)                      AS Layer2 : FileAddressSpace (/Users/Michael/Desktop/win7_trial_64bit.raw)                       PAE type : PAE                            DTB : 0x187000L                           KDBG : 0xf80002803070           Number of Processors : 1      Image Type (Service Pack) : 0                 KPCR for CPU 0 : 0xfffff80002804d00L              KUSER_SHARED_DATA : 0xfffff78000000000L            Image date and time : 2012-02-22 11:29:02 UTC+0000      Image local date and time : 2012-02-22 03:29:02 -0800`

### Dump Processes

In order to view processes, the `pslist` or `pstree` or `psscan` command can be used.

`$ python vol.py -f ~/image.raw pslist --profile=Win7SP0x64 pstree Volatility Foundation Volatility Framework 2.5 Offset(V)          Name                    PID   PPID   Thds     Hnds   Sess  Wow64 Start                          Exit ------------------ -------------------- ------ ------ ------ -------- ------ ------ ------------------------------ ------------------------------ 0xffffa0ee12532180 System                    4      0    108        0 ------      0 2018-04-22 20:02:33 UTC+0000 0xffffa0ee1389d040 smss.exe                232      4      3        0 ------      0 2018-04-22 20:02:33 UTC+0000 ... 0xffffa0ee128c6780 VBoxTray.exe           3324   1123     10        0      1      0 2018-04-22 20:02:55 UTC+0000 0xffffa0ee14108780 OneDrive.exe           1422   1123     10        0      1      1 2018-04-22 20:02:55 UTC+0000 0xffffa0ee14ade080 svchost.exe             228    121      1        0      1      0 2018-04-22 20:14:43 UTC+0000 0xffffa0ee1122b080 notepad.exe            2019   1123      1        0      1      0 2018-04-22 20:14:49 UTC+0000`

### Process Memory Dump

Dumping the memory of a process can prove to be fruitful, say we want to dump the data from notepad.exe:

`$ python vol.py -f ~/image.raw --profile=Win7SP0x64 memdump -p 2019 -D dump/ Volatility Foundation Volatility Framework 2.4 ************************************************************************ Writing System [     2019] to 2019.dmp  $ ls -alh dump/2019.dmp -rw-r--r--  1 user  staff   111M Apr 22 20:47 dump/2019.dmp`

### Other Useful Commands

[There are plenty of commands](https://github.com/volatilityfoundation/volatility/wiki/Command-Reference)
 that Volatility offers but some highlights include:

*   `$ python vol.py -f IMAGE --profile=PROFILE connections`: view network connections
*   `$ python vol.py -f IMAGE --profile=PROFILE cmdscan`: view commands that were run in cmd prompt

Back to top

---

# Hex Editors - CTF Handbook

 

[Skip to content](https://ctf101.org/forensics/what-is-a-hex-editor/#hex-editor)

Hex Editor
==========

A hexadecimal (hex) editor (also called a binary file editor or byte editor) is a computer program you can use to manipulate the fundamental binary data that constitutes a computer file. The name “hex” comes from “hexadecimal,” a standard numerical format for representing binary data. A typical computer file occupies multiple areas on the platter(s) of a disk drive, whose contents are combined to form the file.

Hex editors that are designed to parse and edit sector data from the physical segments of floppy or hard disks are sometimes called sector editors or disk editors. A hex editor is used to see or edit the raw, exact contents of a file. Hex editors may used to correct data corrupted by a system or application. A [list of editors](https://forensics.wiki/tools/#hex-editors)
 can be found on the forensics Wiki.

Your hex editor should have two sections, the `hexadecimal` and `character` representations of that data. It's helpful to also have a "goto" feature in your hex editor to navigate large dumps of data.

Example

A simple CTF challenge is modifying the header of a file. In this example, I changed the first byte of this file to `AA` instead of the conventional `FF` needed in the JFIF(JPEG File Interchangable Format). Observe how it changes the behavior of the `file` command.

``scribbl@rogstation:~/examples$ xxd example | head 00000000: aad8 ffe0 0010 4a46 4946 0001 0101 0060  ......JFIF.....` 00000010: 0060 0000 fffe 003b 4352 4541 544f 523a  .`.....;CREATOR: 00000020: 2067 642d 6a70 6567 2076 312e 3020 2875   gd-jpeg v1.0 (u 00000030: 7369 6e67 2049 4a47 204a 5045 4720 7638  sing IJG JPEG v8 00000040: 3029 2c20 7175 616c 6974 7920 3d20 3930  0), quality = 90 00000050: 0aff db00 4300 0302 0203 0202 0303 0303  ....C........... 00000060: 0403 0304 0508 0505 0404 050a 0707 0608  ................ 00000070: 0c0a 0c0c 0b0a 0b0b 0d0e 1210 0d0e 110e  ................ 00000080: 0b0b 1016 1011 1314 1515 150c 0f17 1816  ................ 00000090: 1418 1214 1514 ffdb 0043 0103 0404 0504  .........C...... scribbl@rogstation:~/examples$ file example example: data``

Using a hexeditor like [hexcurse](https://manpages.ubuntu.com/manpages/focal/man1/hexcurse.1.html)
, we can change the header back to `FF` to be recognizable again by `file`.

[![Hexedit](https://ctf101.org/forensics/images/hexedit.gif)](https://ctf101.org/forensics/images/hexedit.gif)

Finally, `file` and programs recognize the header again.

`scribbl@rogstation:~/examples$ file example example: JPEG image data, JFIF standard 1.01, resolution (DPI), density 96x96, segment length 16, comment: "CREATOR: gd-jpeg v1.0 (using IJG JPEG v80), quality = 90", baseline, precision 8, 1024x576, components 3`

Back to top

---

# Packet Capture - CTF Handbook

 

[Skip to content](https://ctf101.org/forensics/what-is-packet-capture/#packet-capture)

Packet Capture
==============

Some special challenges require competitors to capture packets from an endpoint. This guide will go over the packet-capturing tool, `tcpdump` as well as [Wireshark](https://www.wireshark.org/download.html)
.

Info

This simulates a more realistic offensive security element of collecting data from networks. Additionally, packet captures are great for debugging networking and infrastructure.

* * *

`tcpdump`

`tcpdump` is a built in command line utility that captures network traffic and prints it out for you. For example, if I want to show all packets on the `eth0` interface. I can specify `tcpdump` to listen to it.

`sudo tcpdump -i eth0`

[![Eth0 Example](https://ctf101.org/forensics/images/eth0.gif)](https://ctf101.org/forensics/images/eth0.gif)

`scribbl@rogstation:~/examples$ sudo tcpdump -i eth0 tcpdump: verbose output suppressed, use -v[v]... for full protocol decode listening on eth0, link-type EN10MB (Ethernet), snapshot length 262144 bytes 17:32:07.557403 IP rogstation.mshome.net.57621 > 172.22.207.255.57621: UDP, length 44 17:32:07.633396 IP 172.22.206.250.58387 > rogstation.mshome.net.domain: 38921+ PTR? 255.207.22.172.in-addr.arpa. (45) 17:32:07.634756 IP rogstation.mshome.net.mdns > mdns.mcast.net.mdns: 0 PTR (QM)? 255.207.22.172.in-addr.arpa.local. (51) 17:32:07.635213 IP6 rogstation.mdns > ff02::fb.mdns: 0 PTR (QM)? 255.207.22.172.in-addr.arpa.local. (51) 17:32:07.640442 IP rogstation.mshome.net.mdns > mdns.mcast.net.mdns: 0 PTR (QM)? 255.207.22.172.in-addr.arpa.local. (51) 17:32:07.640689 IP6 rogstation.mdns > ff02::fb.mdns: 0 PTR (QM)? 255.207.22.172.in-addr.arpa.local. (51) 17:32:08.718973 IP rogstation.mshome.net.mdns > mdns.mcast.net.mdns: 0 PTR (QM)? 255.207.22.172.in-addr.arpa.local. (51) ...`

Let's specify `tcpdump` to only list traffic from the source `172.22.206.250` and save the information to a file.

`sudo tcpdump -i eth0 -w packets.pcap src 172.22.206.250` 

We can then use a tool like [`tshark`](https://tshark.dev/)
 to see our packets in the command line.

`scribbl@rogstation:~/examples$ tshark -r packets.pcap 1   0.000000 172.22.192.1 → 224.0.0.251  MDNS 87 Standard query 0x0000 PTR _spotify-connect._tcp.local, "QM" question 2   0.000355 fe80::a6ee:2618:bd01:f6c5 → ff02::fb     MDNS 107 Standard query 0x0000 PTR _spotify-connect._tcp.local, "QM" question 3   3.036792 172.22.192.1 → 239.255.255.250 SSDP 167 M-SEARCH * HTTP/1.1 4  12.456780 172.22.192.1 → 172.22.207.255 UDP 86 57621 → 57621 Len=44 5  45.024825 172.22.192.1 → 172.22.207.255 UDP 86 57621 → 57621 Len=44`

* * *

Wireshark

Wireshark is a really good resource to view packets and see their contents. We can also use Wireshark to capture packets on our interface just like `tcpdump`. Here in this example, I have a ping command running in a WSL instance.

[![Wireshark Record](https://ctf101.org/forensics/images/wireshark-record.gif)](https://ctf101.org/forensics/images/wireshark-record.gif)

Back to top

---

# Hashing Functions - CTF Handbook

 

[Skip to content](https://ctf101.org/cryptography/what-are-hashing-functions/#hashing-functions)

Hashing Functions
=================

Hashing functions are one way functions which theoretically provide a unique output for every input. MD5, SHA-1, and other hashes which were considered secure are now found to have _collisions_ or two different pieces of data which produce the same supposed unique output.

String Hashing
--------------

A string hash is a number or string generated using an algorithm that runs on text or data.

The idea is that each hash should be unique to the text or data (although sometimes it isn’t). For example, the hash for “dog” should be different from other hashes.

You can use command line tools or online resources such as this one. Example: `$ echo -n password | md5 5f4dcc3b5aa765d61d8327deb882cf99` Here, “password” is hashed with different hashing algorithms:

*   **SHA-1**: 5BAA61E4C9B93F3F0682250B6CF8331B7EE68FD8
*   **SHA-2**: 5E884898DA28047151D0E56F8DC6292773603D0D6AABBDD62A11EF721D1542D8
*   **MD5**: 5F4DCC3B5AA765D61D8327DEB882CF99
*   **CRC32**: BBEDA74F

Generally, when verifying a hash visually, you can simply look at the first and last four characters of the string.

File Hashing
------------

A file hash is a number or string generated using an algorithm that is run on text or data. The premise is that it should be unique to the text or data. If the file or text changes in any way, the hash will change.

What is it used for? - File and data identification - Password/certificate storage comparison

How can we determine the hash of a file? You can use the md5sum command (or similar).

`$ md5sum samplefile.txt 3b85ec9ab2984b91070128be6aae25eb samplefile.txt`

Hash Collisions
---------------

A collision is when two pieces of data or text have the same cryptographic hash. This is very rare.

What’s significant about collisions is that they can be used to crack password hashes. Passwords are usually stored as hashes on a computer, since it’s hard to get the passwords from hashes.

[![Password to Hash](https://ctf101.org/cryptography/images/hashing-collision-1.png)](https://ctf101.org/cryptography/images/hashing-collision-1.png)

If you bruteforce by trying every possible piece of text or data, eventually you’ll find something with the same hash. Enter it, and the computer accepts it as if you entered the actual password.

Two different files on the same hard drive with the same cryptographic hash can be very interesting.

“It’s now well-known that the cryptographic hash function MD5 has been broken,” [said Peter Selinger of Dalhousie University](http://www.mscs.dal.ca/~selinger/md5collision/)
. “In March 2005, Xiaoyun Wang and Hongbo Yu of Shandong University in China published an article in which they described an algorithm that can find two different sequences of 128 bytes with the same MD5 hash.” [1](https://ctf101.org/cryptography/what-are-hashing-functions/#fn:1)

For example, he cited this famous pair:

[![Password to Hash](https://ctf101.org/cryptography/images/hashing-collision-2.png)](https://ctf101.org/cryptography/images/hashing-collision-2.png)

and

[![Password to Hash](https://ctf101.org/cryptography/images/hashing-collision-3.png)](https://ctf101.org/cryptography/images/hashing-collision-3.png)

Each of these blocks has MD5 hash 79054025255fb1a26e4bc422aef54eb4.

Selinger said that “the algorithm of Wang and Yu can be used to create files of arbitrary length that have identical MD5 hashes, and that differ only in 128 bytes somewhere in the middle of the file. Several people have used this technique to create pairs of interesting files with identical MD5 hashes.”

Ben Laurie [has a nice website that visualizes this MD5 collision](http://www.links.org/?p=6)
. For a non-technical, though slightly outdated, introduction to hash functions, see [Steve Friedl’s Illustrated Guide](http://www.unixwiz.net/techtips/iguide-crypto-hashes.html)
. And [here’s a good article](http://www.forensicmag.com/articles/2008/12/hash-algorithm-dilemma%E2%80%93hash-value-collisions)
 from DFI News that explores the same topic.

* * *

1.  http://www.mscs.dal.ca/~selinger/md5collision/ [↩](https://ctf101.org/cryptography/what-are-hashing-functions/#fnref:1 "Jump back to footnote 1 in the text")
    

Back to top

---

# XOR - CTF Handbook

 

[Skip to content](https://ctf101.org/cryptography/what-is-xor/#xor)

XOR
===

Data Representation
-------------------

Data can be represented in different bases, an 'A' needs to be a numerical representation of Base 2 or binary so computers can understand them

[![Data Representation](https://ctf101.org/cryptography/images/data-representation.png)](https://ctf101.org/cryptography/images/data-representation.png)

XOR Basics
----------

An XOR or _eXclusive OR_ is a bitwise operation indicated by `^` and shown by the following truth table:

| A   | B   | A ^ B |
| --- | --- | --- |
| 0   | 0   | 0   |
| 0   | 1   | 1   |
| 1   | 0   | 1   |
| 1   | 1   | 0   |

So what XOR'ing bytes in the action `0xA0 ^ 0x2C` translates to is:

|     |     |     |     |     |     |     |     |
| --- | --- | --- | --- | --- | --- | --- | --- |
| 1   | 0   | 1   | 0   | 0   | 0   | 0   | 0   |
| 0   | 0   | 1   | 0   | 1   | 1   | 0   | 0   |

| 1   | 0   | 0   | 0   | 1   | 1   | 0   | 0   |
| --- | --- | --- | --- | --- | --- | --- | --- |
|     |     |     |     |     |     |     |     |

`0b10001100` is equivelent to `0x8C`, a cool property of XOR is that it is reversable meaning `0x8C ^ 0x2C = 0xA0` and `0x8C ^ 0xA0 = 0x2C`

[![XOR Basics](https://ctf101.org/cryptography/images/xor.png)](https://ctf101.org/cryptography/images/xor.png)

What does this have to do with CTF?
-----------------------------------

XOR is a cheap way to encrypt data with a password. Any data can be encrypted using XOR as shown in this Python example:

`>>> data = 'CAPTURETHEFLAG' >>> key = 'A' >>> encrypted = ''.join([chr(ord(x) ^ ord(key)) for x in data]) >>> encrypted '\x02\x00\x11\x15\x14\x13\x04\x15\t\x04\x07\r\x00\x06' >>> decrypted = ''.join([chr(ord(x) ^ ord(key)) for x in encrypted]) >>> decrypted 'CAPTURETHEFLAG'`

This can be extended using a multibyte key by iterating in parallel with the data.

Exploiting XOR Encryption
-------------------------

### Single Byte XOR Encryption

Single Byte XOR Encryption is trivial to bruteforce as there are only 255 key combinations to try.

### Multibyte XOR Encryption

Multibyte XOR gets exponentially harder the longer the key, but if the encrypted text is long enough, character frequency analysis is a viable method to find the key. Character Frequency Analysis means that we split the cipher text into groups based on the number of characters in the key. These groups then are bruteforced using the idea that some letters appear more frequently in the english alphabet than others.

Back to top

---

# Caesar Cipher/ROT 13 - CTF Handbook

 

[Skip to content](https://ctf101.org/cryptography/what-is-caesar-cipher-rot-13/#caesar-cipherrot-13)

Caesar Cipher/ROT 13
====================

Caesar Cipher
-------------

The Caesar Cipher or Caesar Shift is a cipher which uses the alphabet in order to encode texts. The idea is to encode each letter with another letter in a "fixed" set of shifts.

Info

`CAESAR` encoded with a shift of 8 is `KIMAIZ` so `ABCDEFGHIJKLMNOPQRSTUVWXYZ` becomes `IJKLMNOPQRSTUVWXYZABCDEFGH`

Breaking a ciphertext is incredibly easy as there are only 25 possible "shifts" in the English alphabet.

Bruteforce?

We can use a tool like [cyberchef](https://gchq.github.io/CyberChef/#recipe=ROT13(true,true,false,13))
 to do this quickly but can also print out all the combinations in Python.

`secret = "iwtgt xh cd gxvwi pcs lgdcv. iwtgth dcan ujc pcs qdgxcv.".lower() for i in range(0, 26):     decrypted_string = ""     for j in range(0, len(secret)):         letter = ord(secret[j])         if (letter > 122) or (letter < 97) or secret[j] == " ":             continue         else:             letter += 1             if letter > 122:                 letter = 97             letter = chr(letter)             decrypted_string += str(letter)       secret = decrypted_string.strip()       print(decrypted_string)  #output #... #thereisnorightandwrongtheresonlyfunandboring #...`

ROT13
-----

ROT13("Rotate 13") is the same thing but a fixed shift of 13, this is a trivial cipher to bruteforce because there are only 25 shifts.

Generally, Caesar's Cipher and ROT13 are used in conjunction of other encryption methods to make the challenge more difficult!

Back to top

---

# Substitution Cipher - CTF Handbook

 

[Skip to content](https://ctf101.org/cryptography/what-is-a-substitution-cipher/#substitution-cipher)

Substitution Cipher
===================

Introduction
------------

A Substitution Cipher is system of encryption where different symbols are substituted by a different alphabet. We can take the letter `A` and replace all occurrences with `F`, `B` with `Y`, and so on.

This gives us a key to use with encrypting and decrypting.

Tip

We often have to keep track of each individual letter in the alphabet and what they're mapped to. Dictionaries make keeping track of keys in python very easy!

`key = {     "a": "f",     "b": "y",     "c": "a",     "d": "b",     "e": "z",     "f": "c",     "g": "m",     "h": "s",     "i": "n",     "j": "t",     "k": "o",     "l": "h",     "m": "q",     "n": "v",     "o": "r",     "p": "x",     "q": "w",     "r": "i",     "s": "k",     "t": "u",     "u": "l",     "v": "j",     "w": "p",     "x": "g",     "y": "d",     "z": "e" }  secret = "The trouble with having an open mind, of course, is that people will insist on coming along and trying to put things in it.".lower() secret = filter(str.isalpha, secret)  encrypted = "".join([key[i] for i in secret]) print(encrypted) #uszuirlyhzpnussfjnvmfvrxzvqnvbrcarlikznkusfuxzrxhzpnhhnvknkurvarqnvmfhrvmfvbuidnvmurxluusnvmknvnu`

Language Entropy
----------------

[xkcd (936)](https://xkcd.com/936/)

Often times, we aren't going to be given a key to the cipher. In these cases, we use a strategy from natural language processing known as language entropy. We're looking to "predict" the occurrence of a certain letter based on it's usage in the language.[1](https://ctf101.org/cryptography/what-is-a-substitution-cipher/#fn:1)

For example, knowing "vowels are used in most words" gives you a hint that reduces the computation complexity when we attempt to "guess" the usage of certain letters.

With this in mind, there are algorithms that use these clues to give you a "best estimate" what the original phrase.

Info

In 1948, Claude Shannon published the first paper on the entropy of the English language. Modern natural language processing algorithms still cite the original research. Read the paper [here](https://people.math.harvard.edu/~ctm/home/text/others/shannon/entropy/entropy.pdf)
.

If you're interested in language and information theory, there's a fascinating book on natural language processing in the footnotes!.[2](https://ctf101.org/cryptography/what-is-a-substitution-cipher/#fn:2)

Example
-------

Substitution cipher without a key

Without the key used to create the cipher, we can only try bruteforcing the combinations using the English language. Using the sample below, we can use a tool like [quipqiup.com](https://quipqiup.com/)
 to bruteforce what the original text is.

`Rbo rpktigo vcrb bwucja wj kloj hcjd, km sktpqo, cq rbwr loklgo  vcgg cjqcqr kj skhcja wgkja wjd rpycja rk ltr rbcjaq cj cr.`

[![Cryptogram Example](https://ctf101.org/cryptography/images/quipqiup.gif)](https://ctf101.org/cryptography/images/quipqiup.gif)

Our best guess at what the original phrase is:

`The trouble with having an open mind, of course, is that people  will insist on coming along and trying to put things in it.`

* * *

1.  https://cs.stanford.edu/people/eroberts/courses/soco/projects/1999-00/information-theory/entropy\_of\_english\_9.html [↩](https://ctf101.org/cryptography/what-is-a-substitution-cipher/#fnref:1 "Jump back to footnote 1 in the text")
    
2.  https://nltk.org [↩](https://ctf101.org/cryptography/what-is-a-substitution-cipher/#fnref:2 "Jump back to footnote 2 in the text")
    

Back to top

---

# Vigenere Cipher - CTF Handbook

 

[Skip to content](https://ctf101.org/cryptography/what-is-a-vigenere-cipher/#vigenere-cipher)

Vigenere Cipher
===============

Vigenere Cipher
---------------

A Vigenere Cipher is an extended [Caesar Cipher](https://ctf101.org/cryptography/what-is-caesar-cipher-rot-13/)
 where a message is encrypted using various Caesar shifted alphabets. A `key` is used to determine how many shifts each letter receives. It adds an additional layer of complexity that relies on the shared key instead of a predetermined shift length.

Example

We'll use the following table can be used to encode a message: [![Vigenere Square](https://ctf101.org/cryptography/images/vigenere-square.png)](https://ctf101.org/cryptography/images/vigenere-square.png)

Encryption
----------

Plaintext: `SUPERSECRET`  
KEY: `CODE`

1.  `CODE` gets padded to the length of `SUPERSECRET` so the key becomes `CODECODECOD`.
2.  For each letter in `SUPERSECRET` we use the table to get the Alphabet to use, in this instance row `C` and column `S`.
3.  The ciphertext's first letter then becomes `U`.
4.  We eventually get `UISITGHGTSW`.

Decryption
----------

1.  Go to the row of the key, in this case `C`
2.  Find the letter of the cipher text in this row, in this case `U`
3.  The column is the first letter of the decrypted ciphertext, so we get `S`
4.  After repeating this process we get back to `SUPERSECRET`

Cryptanalysis
-------------

The key part of breaking a Vigenere Cipher is (not a pun) the key itself. Because it repeats, it's vulnerable to brute forcing the rotation by figuring out what the length of the key is. After, frequency analysis or key elimination is used to reverse the secret. We're not going to cover it here, but check out the footnotes for more![2](https://ctf101.org/cryptography/what-is-a-vigenere-cipher/#fn:2)

Online cipher solvers automatically use these steps!

Info

For more information on how to determine the key length, check out this video on the [Kasiski Examination](https://www.youtube.com/watch?v=asRbswE2hFY)
.

* * *

1.  https://en.wikipedia.org/wiki/Vigen%C3%A8re\_cipher#Cryptanalysis [↩](https://ctf101.org/cryptography/what-is-a-vigenere-cipher/#fnref:1 "Jump back to footnote 1 in the text")
    
2.  https://www.youtube.com/watch?v=LaWp\_Kq0cKs [↩](https://ctf101.org/cryptography/what-is-a-vigenere-cipher/#fnref:2 "Jump back to footnote 2 in the text")
    

Back to top

---

# Block Ciphers - CTF Handbook

 

[Skip to content](https://ctf101.org/cryptography/what-are-block-ciphers/#block-ciphers)

Block Ciphers
=============

A **Block Cipher** is an algorithm which is used in conjunction with a cryptosystem in order to package a message into evenly distributed 'blocks' which are encrypted one at a time.

Definitions
-----------

*   Mode of Operation: How a block cipher is applied to an amount of data which exceeds a block's size
*   Initialization Vector (IV): A sequence of bytes which is used to randomize encryption even if the same plaintext is encrypted
*   Starting Variable (SV): Similar to the IV, except it is used during the first block to provide a random seed during encryption
*   Padding: Padding is used to ensure that the block sizes all line up and ensure the last block fits the block cipher
*   Plaintext: Unencrypted text; Data without obfuscation
*   Key: A secret used to encrypt plaintext
*   Ciphertext: Plaintext encrypted with a key

Common Block Ciphers
--------------------

| Mode | Formulas | Ciphertext |
| --- | --- | --- |
| ECB | Y~i~ = F(PlainText~i~, Key) | Y~i~ |
| CBC | Y~i~ = PlainText~i~ XOR Ciphertext~i-1~ | F(Y, key); Ciphertext~0~ = IV |
| PCBC | Y~i~ = PlainText~i~ XOR (Ciphertext~i-1~ XOR PlainText~i-1~) | F(Y, key); Ciphertext~0~ = IV |
| CFB | Y~i~ = Ciphertext~i-1~ | Plaintext XOR F(Y, key); Ciphertext~0~ = IV |
| OFB | Y~i~ = F(Key, I~i-1~);Y~0~=IV | Plaintext XOR Y~i~ |
| CTR | Y~i~ = F(Key, IV + g(i));IV = token(); | Plaintext XOR Y~i~ |

Note

In this case ~i~ represents an index over the # of blocks in the plaintext. F() and g() represent the function used to convert plaintext into ciphertext.

### Electronic Codebook (ECB)

ECB is the most basic block cipher, it simply chunks up plaintext into blocks and independently encrypts those blocks and chains them all into a ciphertext.

[![ECB Encryption](https://ctf101.org/cryptography/images/ecb-encryption.png)](https://ctf101.org/cryptography/images/ecb-encryption.png)
 [![ECB Decryption](https://ctf101.org/cryptography/images/ecb-decryption.png)](https://ctf101.org/cryptography/images/ecb-decryption.png)

#### Flaws

Because ECB independently encrypts the blocks, patterns in data can still be seen clearly, as shown in the CBC Penguin image below.

| Original Image | ECB Image | Other Block Cipher Modes |
| --- | --- | --- |
| [![Tux](https://ctf101.org/cryptography/images/tux.jpg)](https://ctf101.org/cryptography/images/tux.jpg) | [![ECB Tux](https://ctf101.org/cryptography/images/tux-ecb.jpg)](https://ctf101.org/cryptography/images/tux-ecb.jpg) | [![Other Tux](https://ctf101.org/cryptography/images/tux-secure.jpg)](https://ctf101.org/cryptography/images/tux-secure.jpg) |

### Cipher Block Chaining (CBC)

CBC is an improvement upon ECB where an Initialization Vector is used in order to add randomness. The encrypted previous block is used as the IV for each sequential block meaning that the encryption process cannot be parallelized. CBC has been declining in popularity due to a variety of

[![CBC Encryption](https://ctf101.org/cryptography/images/cbc-encryption.png)](https://ctf101.org/cryptography/images/cbc-encryption.png)
 [![CBC Decryption](https://ctf101.org/cryptography/images/cbc-decryption.png)](https://ctf101.org/cryptography/images/cbc-decryption.png)

Note

Even though the encryption process cannot be parallelized, the decryption process can be parallelized. If the wrong IV is used for decryption it will only affect the first block as the decryption of all other blocks depends on the _ciphertext_ not the plaintext.

### Propogating Cipher Block Chaining (PCBC)

PCBC is a less used cipher which modifies CBC so that decryption is also not parallelizable. It also cannot be decrypted from any point as changes made during the decryption and encryption process "propogate" throughout the blocks, meaning that both the plaintext and ciphertext are used when encrypting or decrypting as seen in the images below.

[![PCBC Encryption](https://ctf101.org/cryptography/images/pcbc-encryption.png)](https://ctf101.org/cryptography/images/pcbc-encryption.png)
 [![PCBC Decryption](https://ctf101.org/cryptography/images/pcbc-decryption.png)](https://ctf101.org/cryptography/images/pcbc-decryption.png)

### Counter (CTR)

Note

Counter is also known as CM, integer counter mode (ICM), and segmented integer counter (SIC)

CTR mode makes the block cipher similar to a stream cipher and it functions by adding a counter with each block in combination with a nonce and key to XOR the plaintext to produce the ciphertext. Similarly, the decryption process is the exact same except instead of XORing the plaintext, the ciphertext is XORed. This means that the process is parallelizable for both encryption and decryption _and_ you can begin from anywhere as the counter for any block can be deduced easily.

[![CTR Encryption](https://ctf101.org/cryptography/images/ctr-encryption.png)](https://ctf101.org/cryptography/images/ctr-encryption.png)
 [![CTR Decryption](https://ctf101.org/cryptography/images/ctr-decryption.png)](https://ctf101.org/cryptography/images/ctr-decryption.png)

#### Security Considerations

If the nonce chosen is non-random, it is important to concatonate the nonce with the counter (high 64 bits to the nonce, low 64 bits to the counter) as adding or XORing the nonce with the counter would break security as an attacker can cause a collisions with the nonce and counter. An attacker with access to providing a plaintext, nonce and counter can then decrypt a block by using the ciphertext as seen in the decryption image.

Padding Oracle Attack
---------------------

A Padding Oracle Attack sounds complex, but essentially means abusing a block cipher by changing the length of input and being able to determine the plaintext.

### Requirements

*   An oracle, or program, which encrypts data using CBC
*   Continual use of the same key

### Execution

1.  If we have two blocks of ciphertext, C~1~ and C~2~, we can get the plaintext P~2~
2.  Since we know that CBC decryptionis dependent on the prior ciphertext, if we change the last byte of C~1~ we can see if C~2~ has correct padding
3.  If it is correctly padded we know that the last byte of the plaintext
4.  If not, we can increase our byte by one and repeat until we have a successful padding
5.  We then repeat this for all successive bytes following C~1~ and if the block is 16 bytes we can expect a maximum of 4080 attempts which is trivial

Back to top

---

# Command Injection - CTF Handbook

 

[Skip to content](https://ctf101.org/web-exploitation/command-injection/what-is-command-injection/#command-injection)

Command Injection
=================

Command Injection is a vulnerability that allows an attacker to submit system commands to a computer running a website. This happens when the application fails to encode user input that goes into a system shell. It is very common to see this vulnerability when a developer uses the `system()` command or its equivalent in the programming language of the application.

`import os  domain = user_input() # ctf101.org  os.system('ping ' + domain)`

The above code when used normally will ping the `ctf101.org` domain.

But consider what would happen if the `user_input()` function returned different data?

`import os  domain = user_input() # ; ls  os.system('ping ' + domain)`

Because of the additional semicolon, the `os.system()` function is instructed to run two commands.

It looks to the program as:

`ping ; ls`

Note

The semicolon terminates a command in bash and allows you to put another command after it.

Because the `ping` command is being terminated and the `ls` command is being added on, the `ls` command will be run in addition to the empty ping command!

This is the core concept behind command injection. The `ls` command could of course be switched with another command (e.g. wget, curl, bash, etc.)

Command injection is a very common means of privelege escalation within web applications and applications that interface with system commands. Many kinds of home routers take user input and directly append it to a system command. For this reason, many of those home router models are vulnerable to command injection.

Example Payloads
----------------

*   `;ls`
*   `$(ls)`
*   `` `ls` ``

Related Challenges
------------------

Back to top

---

# Stream Ciphers - CTF Handbook

 

[Skip to content](https://ctf101.org/cryptography/what-are-stream-ciphers/#stream-ciphers)

Stream Ciphers
==============

A Stream Cipher is used for symmetric key cryptography, or when the same key is used to encrypt and decrypt data. Stream Ciphers encrypt pseudorandom sequences with bits of plaintext in order to generate ciphertext, usually with XOR. A good way to think about Stream Ciphers is to think of them as generating one-time pads from a given state.

Definitions
-----------

*   A **keystream** is a sequence of pseudorandom digits which extend to the length of the plaintext in order to uniquely encrypt each character based on the corresponding digit in the keystream

One Time Pads
-------------

A _one time pad_ is an encryption mechanism whereby the entire plaintext is XOR'd with a random sequence of numbers in order to generate a random ciphertext. The advantage of the one time pad is that it offers an immense amount of security BUT in order for it to be useful, the randomly generated key must be distributed on a separate secure channel, meaning that one time pads have little use in modern day cryptographic applications on the internet. Stream ciphers extend upon this idea by using a key, usually 128 bit in length, in order to seed a pseudorandom _keystream_ which is used to encrypt the text.

Types of Stream Ciphers
-----------------------

### Synchronous Stream Ciphers

A Synchronous Stream Cipher generates a keystream based on internal states _not_ related to the plaintext or ciphertext. This means that the stream is generated pseudorandomly outside of the context of what is being encrypted. A _binary additive stream cipher_ is the term used for a stream cipher which XOR's the bits with the bits of the plaintext. Encryption and decryption require that the synchronus state cipher be in the same state, otherwise the message cannot be decrypted.

### Self-synchronizing Stream Ciphers

A Self-synchronizing Stream Cipher, also known as an asynchronous stream cipher or ciphertext autokey (CTAK), is a stream cipher which uses the previous _N_ digits in order to compute the keystream used for the next _N_ characters.

Note

Seems a lot like block ciphers doesn't it? That's because block cipher feedback mode (CFB) is an example of a self-synchronizing stream ciphers.

Stream Cipher Vulnerabilities
-----------------------------

### Key Reuse

The key tenet of using stream ciphers securely is to **NEVER** repeat key use because of the communative property of XOR. If C~1~ and C~2~ have been XOR'd with a key K, retrieving that key K is trivial because C~1~ XOR C~2~ = P~1~ XOR P~2~ and having an english language based XOR means that cryptoanalysis tools such as a character frequency analysis will work well due to the low entropy of the english language.

### Bit-flipping Attack

Another key tenet of using stream ciphers securely is considering that just because a message has been decrypted, it does not mean the message has not been tampered with. Because decryption is based on state, if an attacker knows the layout of the plaintext, a Man in the Middle (MITM) attack can flip a bit during transit altering the underlying ciphertext. If a ciphertext decrypts to 'Transfer $1000', then a middleman can flip a single bit in order for the ciphertext to decrypt to 'Transfer $9000' because changing a single character in the ciphertext does not affect the state in a synchronus stream cipher.

Back to top

---

# SQL Injection - CTF Handbook

 

[Skip to content](https://ctf101.org/web-exploitation/sql-injection/what-is-sql-injection/#sql-injection)

SQL Injection
=============

SQL Injection is a vulnerability where an application takes input from a user and doesn't vaildate that the user's input doesn't contain additional SQL.

`<?php     $username = $_GET['username']; // kchung     $result = mysql_query("SELECT * FROM users WHERE username='$username'"); ?>`

If we look at the $username variable, under normal operation we might expect the username parameter to be a real username (e.g. kchung).

But a malicious user might submit different kind of data. For example, consider if the input was `'`?

The application would crash because the resulting SQL query is incorrect.

`SELECT * FROM users WHERE username='''`

Note

Notice the extra single quote at the end.

With the knowledge that a single quote will cause an error in the application we can expand a little more on SQL Injection.

What if our input was `' OR 1=1`?

`SELECT * FROM users WHERE username='' OR 1=1`

1 is indeed equal to 1. This equates to true in SQL. If we reinterpret this the SQL statement is really saying

`SELECT * FROM users WHERE username='' OR true`

This will return every row in the table because each row that exists must be true.

We can also inject comments and termination characters like `--` or `/*` or `;`. This allows you to terminate SQL queries after your injected statements. For example `'--` is a common SQL injection payload.

`SELECT * FROM users WHERE username=''-- '`

This payload sets the username parameter to an empty string to break out of the query and then adds a comment (`--`) that effectively hides the second single quote.

Using this technique of adding SQL statements to an existing query we can force databases to return data that it was not meant to return.

Preventing SQL Injection
------------------------

The best way to prevent SQL Injection is to use prepared statements. Prepared statements are a way to execute SQL queries that separates the query logic from the data being passed into the query.

`<?php     $stmt = $pdo->prepare('SELECT * FROM users WHERE username = :username');     $stmt->execute(['username' => $username]); ?>`

In this example, the `:username` is a placeholder that is replaced with the value of the `$username` variable. The database driver will automatically escape the value of `$username` to prevent SQL Injection.

Another way to prevent SQL Injection is to use an ORM (Object Relational Mapping) library. ORM libraries abstract the database layer and allow you to interact with the database using objects instead of raw SQL queries.

`<?php     $user = User::where('username', $username)->first(); ?>`

ORM libraries automatically escape user input to prevent SQL Injection.

Back to top

---

# RSA - CTF Handbook

 

[Skip to content](https://ctf101.org/cryptography/what-is-rsa/#rsa)

RSA
===

RSA, which is an abbreviation of the author's names (Rivest–Shamir–Adleman), is a cryptosystem which allows for asymmetric encryption. Asymmetric cryptosystems are alos commonly referred to as **Public Key Cryptography** where a public key is used to encrypt data and only a secret, private key can be used to decrypt the data.

Definitions
-----------

*   The **Public Key** is made up of \\((n, e)\\)
*   The **Private Key** is made up of \\((n, d)\\)
*   The message is represented as \\(m\\) and is converted into a number
*   The encrypted message or ciphertext is represented by \\(c\\)
*   \\(p\\) and \\(q\\) are prime numbers which make up \\(n\\)
*   \\(e\\) is the public exponent
*   \\(n\\) is the modulus and its length in bits is the bit length (i.e. 1024 bit RSA)
*   \\(d\\) is the private exponent
*   The totient \\(\\lambda(n)\\) is used to compute \\(d\\) and is equal to the \\(lcm(p-1, q-1)\\), another definition for \\(\\lambda(n)\\) is that

\\\[\\lambda(pq) = lcm(\\lambda(p), \\lambda(q))\\\]

What makes RSA viable?
----------------------

If public \\(n\\), public \\(e\\), private \\(d\\) are all very large numbers and a message \\(m\\) holds true for 0 < \\(m\\) < \\(n\\), then we can say:

\\\[ (m^e)^d \\equiv m \\;(\\bmod\\; n) \\\]

Note

The triple equals sign in this case refers to [modular congruence](https://en.wikipedia.org/wiki/Modular_arithmetic)
 which in this case means that there exists an integer _k_ such that

\\\[(m^e)^d = kn + m\\\]

RSA is viable because it is incredibly hard to find \\(d\\) even with \\(m\\), \\(n\\), and \\(e\\) because factoring large numbers is an arduous process.

Implementation
--------------

RSA is implemented in 3 steps:

1.  [Key Generation](https://ctf101.org/cryptography/what-is-rsa/#key-generation)
    
2.  [Encryption](https://ctf101.org/cryptography/what-is-rsa/#encryption)
    
3.  [Decryption](https://ctf101.org/cryptography/what-is-rsa/#decryption)
    

### Key Generation

We are going to follow along Wikipedia's small numbers example in order to make this idea a bit easier to understand.

Note

In this example we are using _Carmichael's_ totient function where

\\\[\\lambda(n) = lcm(\\lambda(p), \\lambda(q))\\\]

but _Euler's_ totient function is perfectly valid to use with RSA. Euler's totient is

\\\[\\phi(n) = (p − 1)(q − 1)\\\]

1.  Choose two prime numbers such as:
    *   \\(p = 61\\) and \\(q = 53\\)
2.  Find \\(n\\):
    *   \\(n = pq = 3233\\)
3.  Calculate \\(\\lambda(n) = lcm(p-1, q-1)\\)
    
    *   \\(\\lambda(3233) = lcm(60, 52) = 780\\)
4.  Choose a public exponent such that \\(1 \\lt e \\lt \\lambda(n)\\) and is coprime (not a factor of) \\(\\lambda(n)\\). The standard is most cases is \\(65537\\), but we will be using:
    
    *   \\(e = 17\\)
5.  Calculate \\(d\\) as the modular multiplicative inverse or in english find \\(d\\) such that: \\(d \* e \\;(\\bmod\\; \\lambda(n)) = 1\\)
    *   \\(d \* 17 (\\bmod\\; 780) = 1\\)
    *   \\(d = 413\\)

Now we have a public key of \\((3233, 17)\\) and a private key of \\((3233, 413)\\)

### Encryption

With the public key, \\(m\\) can be encrypted trivially

The ciphertext is equal to \\(m^e (\\bmod\\; n)\\) or:

\\\[c = m^{17} (\\bmod\\; 3233)\\\]

### Decryption

With the private key, \\(m\\) can be decrypted trivially as well

The plaintext is equal to \\(c^d (\\bmod\\; n)\\) or:

\\\[m = c^{413} (\\bmod\\; 3233)\\\]

Exploitation
------------

From the [RsaCtfTool README](https://github.com/RsaCtfTool/RsaCtfTool)

> Attacks:
> 
> *   Weak public key factorization
> *   Wiener's attack
> *   Hastad's attack (Small public exponent attack)
> *   Small \\(q (q \\lt 100,000)\\)
> *   Common factor between ciphertext and modulus attack
> *   Fermat's factorisation for close \\(p\\) and \\(q\\)
> *   Gimmicky Primes method
> *   Past CTF Primes method
> *   Self-Initializing Quadratic Sieve (SIQS) using Yafu
> *   Common factor attacks across multiple keys
> *   Small fractions method when p/q is close to a small fraction
> *   Boneh Durfee Method when the private exponent d is too small compared to the modulus (i.e \\(d \\lt n^0.292\\))
> *   Elliptic Curve Method
> *   Pollards \\(p-1\\) for relatively smooth numbers
> *   Mersenne primes factorization

Back to top

---

# Cross Site Request Forgery - CTF Handbook

 

[Skip to content](https://ctf101.org/web-exploitation/cross-site-request-forgery/what-is-cross-site-request-forgery/#cross-site-request-forgery-csrf)

Cross Site Request Forgery (CSRF)
=================================

A Cross Site Request Forgery or CSRF Attack, pronounced _see surf_, is an attack on an authenticated user which uses a state session in order to perform state changing attacks like a purchase, a transfer of funds, or a change of email address.

The entire premise of CSRF is based on session hijacking, usually by injecting malicious elements within a webpage through an `<img>` tag or an `<iframe>` where references to external resources are unverified.

Using CSRF
----------

`GET` requests are often used by websites to get user input. Say a user signs in to an banking site which assigns their browser a cookie which keeps them logged in. If they transfer some money, the URL that is sent to the server might have the pattern:

`http://securibank.com/transfer.do?acct=[RECEPIENT]&amount=[DOLLARS]`

Knowing this format, an attacker can send an email with a hyperlink to be clicked on or they can include an image tag of 0 by 0 pixels which will automatically be requested by the browser such as:

`<img src="http://securibank.com/transfer.do?acct=[RECEPIENT]&amount=[DOLLARS]" width="0" height="0" border="0">`

Back to top

---

# Directory Traversal - CTF Handbook

 

[Skip to content](https://ctf101.org/web-exploitation/directory-traversal/what-is-directory-traversal/#directory-traversal)

Directory Traversal
===================

Directory Traversal is a vulnerability where an application takes in user input and uses it in a directory path.

Any kind of path controlled by user input that isn't properly sanitized or properly sandboxed could be vulnerable to directory traversal.

For example, consider an application that allows the user to choose what page to load from a GET parameter.

`<?php     $page = $_GET['page']; // index.php     include("/var/www/html/" . $page); ?>`

Under normal operation the page would be `index.php`. But what if a malicious user gave in something different?

`<?php     $page = $_GET['page']; // ../../../../../../../../etc/passwd     include("/var/www/html/" . $page); ?>`

Here the user is submitting `../../../../../../../../etc/passwd`.

This will result in the PHP interpreter leaving the directory that it is coded to look in ('/var/www/html') and instead be forced up to the root folder.

`include("/var/www/html/../../../../../../../../etc/passwd");`

Ultimately this will become `/etc/passwd` because the computer will not go a directory above its top directory.

Thus the application will load the `/etc/passwd` file and emit it to the user like so:

`root:x:0:0:root:/root:/bin/bash daemon:x:1:1:daemon:/usr/sbin:/usr/sbin/nologin bin:x:2:2:bin:/bin:/usr/sbin/nologin sys:x:3:3:sys:/dev:/usr/sbin/nologin sync:x:4:65534:sync:/bin:/bin/sync games:x:5:60:games:/usr/games:/usr/sbin/nologin man:x:6:12:man:/var/cache/man:/usr/sbin/nologin lp:x:7:7:lp:/var/spool/lpd:/usr/sbin/nologin mail:x:8:8:mail:/var/mail:/usr/sbin/nologin news:x:9:9:news:/var/spool/news:/usr/sbin/nologin uucp:x:10:10:uucp:/var/spool/uucp:/usr/sbin/nologin proxy:x:13:13:proxy:/bin:/usr/sbin/nologin www-data:x:33:33:www-data:/var/www:/usr/sbin/nologin backup:x:34:34:backup:/var/backups:/usr/sbin/nologin list:x:38:38:Mailing List Manager:/var/list:/usr/sbin/nologin irc:x:39:39:ircd:/var/run/ircd:/usr/sbin/nologin gnats:x:41:41:Gnats Bug-Reporting System (admin):/var/lib/gnats:/usr/sbin/nologin nobody:x:65534:65534:nobody:/nonexistent:/usr/sbin/nologin systemd-timesync:x:100:102:systemd Time Synchronization,,,:/run/systemd:/bin/false systemd-network:x:101:103:systemd Network Management,,,:/run/systemd/netif:/bin/false systemd-resolve:x:102:104:systemd Resolver,,,:/run/systemd/resolve:/bin/false systemd-bus-proxy:x:103:105:systemd Bus Proxy,,,:/run/systemd:/bin/false _apt:x:104:65534::/nonexistent:/bin/false`

This same concept can be applied to applications where some input is taken from a user and then used to access a file or path or similar. This vulnerability very often can be used to leak sensitive data or extract application source code to find other vulnerabilities.

Back to top

---

# Server Side Request Forgery - CTF Handbook

 

[Skip to content](https://ctf101.org/web-exploitation/server-side-request-forgery/what-is-server-side-request-forgery/#server-side-request-forgery-ssrf)

Server Side Request Forgery (SSRF)
==================================

Server Side Request Forgery or SSRF is where an attacker is able to cause a web application to send a request that the attacker defines.

For example, say there is a website that lets you take a screenshot of any site on the internet.

Under normal usage a user might ask it to take a screenshot of a page like Google, or The New York Times. But what if a user does something more nefarious? What if they asked the site to take a picture of http://localhost ? Or perhaps tries to access something more useful like http://localhost/server-status ?

Note

127.0.0.1 (also known as localhost or loopback) represents the computer itself. Accessing localhost means you are accessing the computer's own internal network. Developers often use localhost as a way to access the services they have running on their own computers.

Depending on what the response from the site is the attacker may be able to gain additional information about what's running on the computer itself.

In addition, the requests originating from the server would come from the server's IP not the attackers IP. Because of that, it is possible that the attacker might be able to access internal resources that he wouldn't normally be able to access.

Another usage for SSRF is to create a simple port scanner to scan the internal network looking for internal services.

Back to top

---

# Cross Site Scripting (XSS) - CTF Handbook

 

[Skip to content](https://ctf101.org/web-exploitation/cross-site-scripting/what-is-cross-site-scripting/#cross-site-scripting-xss)

Cross Site Scripting (XSS)
==========================

Cross Site Scripting or XSS is a vulnerability where on user of an application can send JavaScript that is executed by the browser of another user of the same application.

This is a vulnerability because JavaScript has a high degree of control over a user's web browser.

For example JavaScript has the ability to:

*   Modify the page (called the DOM)
*   Send more HTTP requests
*   Access cookies

By combining all of these abilities, XSS can maliciously use JavaScript to extract user's cookies and send them to an attacker controlled server. XSS can also modify the DOM to phish users for their passwords. This only scratches the surface of what XSS can be used to do.

XSS is typically broken down into three categories:

*   Reflected XSS
*   Stored XSS
*   DOM XSS

Reflected XSS
=============

Reflected XSS is when an XSS exploit is provided through a URL paramater.

For example:

`https://ctf101.org?data=<script>alert(1)</script>`

You can see the XSS exploit provided in the `data` GET parameter. If the application is vulnerable to reflected XSS, the application will take this data parameter value and inject it into the DOM.

For example:

`<html>     <body>         <script>alert(1)</script>     </body> </html>`

Depending on where the exploit gets injected, it may need to be constructed differently.

Also, the exploit payload can change to fit whatever the attacker needs it to do. Whether that is to extract cookies and submit it to an external server, or to simply modify the page to deface it.

One of the deficiencies of reflected XSS however is that it requires the victim to access the vulnerable page from an attacker controlled resource. Notice that if the data parameter wasn't provided, the exploit wouldn't work.

In many situations, reflected XSS is detected by the browser because it is very simple for a browser to detect malicous XSS payloads in URLs.

Stored XSS
==========

Stored XSS is different from reflected XSS in one key way. In reflected XSS, the exploit is provided through a GET parameter. But in stored XSS, the exploit is provided from the website itself.

Imagine a website that allows users to post comments. If a user can submit an XSS payload as a comment, and then have others view that malicious comment, it would be an example of stored XSS.

The reason being that the web site itself is serving up the XSS payload to other users. This makes it very difficult to detect from the browser's perspective and no browser is capable of generically preventing stored XSS from exploiting a user.

DOM XSS
=======

DOM XSS is XSS that is due to the browser itself injecting an XSS payload into the DOM. While the server itself may properly prevent XSS, it's possible that the client side scripts may accidentally take a payload and insert it into the DOM and cause the payload to trigger.

The server itself is not to blame, but the client side JavaScript files are causing the issue.

Back to top

---

# Registers - CTF Handbook

 

[Skip to content](https://ctf101.org/binary-exploitation/what-are-registers/#registers)

Registers
=========

A **register** is a location within the processor that is able to store data, much like RAM. Unlike RAM however, accesses to registers are effectively instantaneous, whereas reads from main memory can take hundreds of CPU cycles to return.

Registers can hold any value: addresses (pointers), results from mathematical operations, characters, etc. Some registers are _reserved_ however, meaning they have a special purpose and are not "general purpose registers" (GPRs). On x86, the only 2 reserved registers are `rip` and `rsp` which hold the address of the next instruction to execute and the address of the [stack](https://ctf101.org/binary-exploitation/what-is-the-stack/)
 respectively.

On x86, the same register can have different sized accesses for backwards compatability. For example, the `rax` register is the full 64-bit register, `eax` is the low 32 bits of `rax`, `ax` is the low 16 bits, `al` is the low 8 bits, and `ah` is the high 8 bits of `ax` (bits 8-16 of `rax`).

Back to top

---

# Disassemblers - CTF Handbook

 

[Skip to content](https://ctf101.org/reverse-engineering/what-are-disassemblers/#disassemblers)

Disassemblers
=============

A **disassembler** is a tool which breaks down a compiled program into machine code.

List of Disassemblers
---------------------

*   IDA
*   Binary Ninja
*   GNU Debugger (GDB)
*   radare2
*   Hopper

### IDA

The Interactive Disassembler (IDA) is capable of disassembling "virtually any popular file format". This makes it very useful to security researchers and CTF players who often need to analyze obscure files without knowing what they are or where they came from. IDA features the Hex Rays decompiler which can convert assembly code back into a pseudo code like format.

[![IDA](https://ctf101.org/reverse-engineering/images/ida-disass.png)](https://ctf101.org/reverse-engineering/images/ida-disass.png)

IDA also has a plugin interface which has been used to create some successful plugins that can make reverse engineering easier:

*   https://github.com/google/binnavi
*   https://github.com/yegord/snowman
*   https://github.com/gaasedelen/lighthouse
*   https://github.com/joxeankoret/diaphora
*   https://github.com/REhints/HexRaysCodeXplorer
*   https://github.com/osirislab/Fentanyl

You can use IDA for free, with some limitations: https://hex-rays.com/ida-free

### Binary Ninja

Binary Ninja is an interactive decompiler, disassembler, debugger, and binary analysis platform. While it's less popular or as old as IDA, Binary Ninja (often called 'binja') is quickly gaining ground and has a growing community of dedicated users and followers. Binary Ninja also features decompilation for all architectures, which can convert assembly code back into a pseudo code like format represented as their High-Level IL, pseudo-C, pseudo-Rust, pseudo-Python, or [your own](https://github.com/Vector35/binaryninja-api/blob/dev/python/examples/pseudo_python.py)
 using their Python, C++, or Rust plugin APIs.

[![Binja](https://ctf101.org/reverse-engineering/images/binja-disass.png)](https://ctf101.org/reverse-engineering/images/binja-disass.png)

Binja also has some community contributed plugins which are collected here: https://github.com/Vector35/community-plugins

You can use Binary Ninja for free, with some limitations: https://binary.ninja/free/

### gdb

The GNU Debugger is a free and open source debugger which also disassembles programs. It's capable as a disassembler, but most notably it is used by CTF players for its debugging and dynamic analysis capabailities.

gdb is often used in tandom with enhancement scripts like [peda](https://github.com/longld/peda)
, [pwndbg](https://github.com/pwndbg/pwndbg)
, and [GEF](https://github.com/hugsy/gef)

[![GDB](https://ctf101.org/reverse-engineering/images/gdb-disass.png)](https://ctf101.org/reverse-engineering/images/gdb-disass.png)

Back to top

---

# Assembly/Machine Code - CTF Handbook

 

[Skip to content](https://ctf101.org/reverse-engineering/what-is-assembly-machine-code/#assemblymachine-code)

Assembly/Machine Code
=====================

Machine Code or Assembly is code which has been formatted for direct execution by a CPU. Machine Code is the reason why readable programming languages like C, when compiled, cannot be reversed into source code (well [Decompilers](https://ctf101.org/reverse-engineering/what-is-assembly-machine-code/)
 can sort of, but more on that later).

From Source to Compilation
--------------------------

[Godbolt](https://godbolt.org/)
 shows the differences in machine code generated by various compilers.

For example, if we have a simple C++ function:

`#include <unistd.h> #include <stdio.h> #include <stdlib.h>  int main() {     char c;     int fd = syscall(2, "/etc/passwd", 0);     while (syscall(0, fd, &c, 1)) {         putchar(c);     } }`

We can see the compilation results in some verbose instructions for the CPU:

`.LC0:   .string "/etc/passwd" main:   push rbp   mov rbp, rsp   sub rsp, 16   mov edx, 0   mov esi, OFFSET FLAT:.LC0   mov edi, 2   mov eax, 0   call syscall   mov DWORD PTR [rbp-4], eax .L3:   lea rdx, [rbp-5]   mov eax, DWORD PTR [rbp-4]   mov ecx, 1   mov esi, eax   mov edi, 0   mov eax, 0   call syscall   test rax, rax   setne al   test al, al   je .L2   movzx eax, BYTE PTR [rbp-5]   movsx eax, al   mov edi, eax   call putchar   jmp .L3 .L2:   mov eax, 0   leave   ret`

This is a one way process for compiled languages as there is no way to generate source from machine code. While the machine code may seem unintelligible, the extremely basic functions can be interpreted with some practice.

x86-64
------

x86-64 or amd64 or i64 is a 64-bit Complex Instruction Set Computing (CISC) architecture. This basically means that the registers used for this architecture extend an extra 32-bits on Intel's x86 architecture. CISC means that a single instruction can do a bunch of different things at once, such as memory accesses, register reads, etc. It is also a variable-length instruction set, which means different instructions can be different sizes ranging from 1 to 16 bytes long. And finally x86-64 allows for multi-sized register access, which means that you can access certain parts of a register which are different sizes.

### x86-64 Registers

x86-64 registers behave similarly to other architectures. A key component of x86-64 registers is multi-sized access which means the register RAX can have its lower 32 bits accessed with EAX. The next lower 16 bits can be accessed with AX and the lowest 8 bits can be accessed with AL which allows for the compiler to make optimizations which boost program execution. [![Multi-access Register](https://ctf101.org/reverse-engineering/images/multi-access-register.png)](https://ctf101.org/reverse-engineering/images/multi-access-register.png)

x86-64 has plenty of registers to use, including rax, rbx, rcx, rdx, rdi, rsi, rsp, rip, r8-r15, and more! But some registers serve special purposes.

The special registers include: - RIP: the instruction pointer - RSP: the stack pointer - RBP: the base pointer

### Instructions

An **instruction** represents a single operation for the CPU to perform.

There are different types of instructions including:

*   Data movement: `mov rax, [rsp - 0x40]`
*   Arithmetic: `add rbx, rcx`
*   Control-flow: `jne 0x8000400`

Because x86-64 is a CISC architecture, instructions can be quite complex for machine code, such as `repne scasb` which repeats up to ECX times over memory at EDI looking for a NULL byte (0x00), decrementing ECX each byte (essentially strlen() in a single instruction!).

It is important to remember that an instruction really is just memory; this idea will become useful with Return Oriented Programming or ROP.

Note

Instructions, numbers, strings, everything are always represented in hex!

`add rax, rbx mov rax, 0xdeadbeef mov rax, [0xdeadbeef] == 67 48 8b 05 ef be ad de "Hello" == 48 65 6c 6c 6f == 48 01 d8 == 48 c7 c0 ef be ad de`

### Execution

What should the CPU execute? This is determined by the RIP register where IP means instruction pointer. Execution follows the pattern: fetch the instruction at the address in RIP, decode it, run it.

### Examples

1.  `mov rax, 0xdeadbeef`

Here the operation `mov` is moving the "immediate" `0xdeadbeef` into the register `RAX`

1.  `mov rax, [0xdeadbeef + rbx * 4]`

Here the operation `mov` is moving the data at the address of `[0xdeadbeef + RBX*4]` into the register `RAX`. When brackets are used, you can think of the program as getting the content from that effective address.

### Example Execution

`-> 0x0804000: mov eax, 0xdeadbeef            Register Values:    0x0804005: mov ebx, 0x1234                RIP = 0x0804000    0x080400a: add, rax, rbx                  RAX = 0x0    0x080400d: inc rbx                        RBX = 0x0    0x0804010: sub rax, rbx                   RCX = 0x0    0x0804013: mov rcx, rax                   RDX = 0x0`

   `0x0804000: mov eax, 0xdeadbeef            Register Values: -> 0x0804005: mov ebx, 0x1234                RIP = 0x0804005    0x080400a: add, rax, rbx                  RAX = 0xdeadbeef    0x080400d: inc rbx                        RBX = 0x0    0x0804010: sub rax, rbx                   RCX = 0x0    0x0804013: mov rcx, rax                   RDX = 0x0`

   `0x0804000: mov eax, 0xdeadbeef            Register Values:    0x0804005: mov ebx, 0x1234                RIP = 0x080400a -> 0x080400a: add, rax, rbx                  RAX = 0xdeadbeef    0x080400d: inc rbx                        RBX = 0x1234    0x0804010: sub rax, rbx                   RCX = 0x0    0x0804013: mov rcx, rax                   RDX = 0x0`

   `0x0804000: mov eax, 0xdeadbeef            Register Values:    0x0804005: mov ebx, 0x1234                RIP = 0x080400d    0x080400a: add, rax, rbx                  RAX = 0xdeadd123 -> 0x080400d: inc rbx                        RBX = 0x1234    0x0804010: sub rax, rbx                   RCX = 0x0    0x0804013: mov rcx, rax                   RDX = 0x0`

   `0x0804000: mov eax, 0xdeadbeef            Register Values:    0x0804005: mov ebx, 0x1234                RIP = 0x0804010    0x080400a: add, rax, rbx                  RAX = 0xdeadd123    0x080400d: inc rbx                        RBX = 0x1235 -> 0x0804010: sub rax, rbx                   RCX = 0x0    0x0804013: mov rcx, rax                   RDX = 0x0`

   `0x0804000: mov eax, 0xdeadbeef            Register Values:    0x0804005: mov ebx, 0x1234                RIP = 0x0804013    0x080400a: add, rax, rbx                  RAX = 0xdeadbeee    0x080400d: inc rbx                        RBX = 0x1235    0x0804010: sub rax, rbx                   RCX = 0x0 -> 0x0804013: mov rcx, rax                   RDX = 0x0`

   `0x0804000: mov eax, 0xdeadbeef            Register Values:    0x0804005: mov ebx, 0x1234                RIP = 0x0804005    0x080400a: add, rax, rbx                  RAX = 0xdeadbeee    0x080400d: inc rbx                        RBX = 0x1235    0x0804010: sub rax, rbx                   RCX = 0xdeadbeee    0x0804013: mov rcx, rax                   RDX = 0x0`

### Control Flow

How can we express conditionals in x86-64? We use conditional jumps such as:

*   `jnz <address>`
*   `je <address>`
*   `jge <address>`
*   `jle <address>`
*   etc.

They jump if their condition is true, and just go to the next instruction otherwise. These conditionals are checking EFLAGS, which are special registers which store flags on certain instructions such as `add rax, rbx` which sets the o (overflow) flag if the sum is greater than a 64-bit register can hold, and wraps around. You can jump based on that with a `jo` instruction. The most important thing to remember is the cmp instruction:

`cmp rax, rbx jle error`

This assembly jumps if RAX <= RBX

### Addresses

Memory acts similarly to a big array where the indices of this "array" are memory addresses. Remember from earlier:

`mov rax, [0xdeadbeef]`

The square brackets mean "get the data at this address". This is analogous to the C/C++ syntax: `rax = *0xdeadbeef;`

Back to top

---

# Global Offset Table (GOT) - CTF Handbook

 

[Skip to content](https://ctf101.org/binary-exploitation/what-is-the-got/#got)

GOT
===

The Global Offset Table (or GOT) is a section inside of programs that holds addresses of functions that are dynamically linked. As mentioned in the page on [calling conventions](https://ctf101.org/binary-exploitation/what-are-calling-conventions/)
, most programs don't include every function they use to reduce binary size. Instead, common functions (like those in libc) are "linked" into the program so they can be saved once on disk and reused by every program.

Unless a program is marked [full RELRO](https://ctf101.org/binary-exploitation/relocation-read-only/)
, the resolution of function to address in dynamic library is done lazily. All dynamic libraries are loaded into memory along with the main program at launch, however functions are not mapped to their actual code until they're first called. For example, in the following C snippet `puts` won't be resolved to an address in libc until after it has been called once:

`int main() {     puts("Hi there!");     puts("Ok bye now.");     return 0; }`

To avoid searching through shared libraries each time a function is called, the result of the lookup is saved into the GOT so future function calls "short circuit" straight to their implementation bypassing the dynamic resolver.

This has two important implications:

1.  The GOT contains pointers to libraries which move around due to [ASLR](https://ctf101.org/binary-exploitation/address-space-layout-randomization/)
    
2.  The GOT is writable

These two facts will become very useful to use in [Return Oriented Programming](https://ctf101.org/binary-exploitation/return-oriented-programming/)

PLT
---

Before a functions address has been resolved, the GOT points to an entry in the Procedure Linkage Table (PLT). This is a small "stub" function which is responsible for calling the dynamic linker with (effectively) the name of the function that should be resolved.

Back to top

---

# Decompilers - CTF Handbook

 

[Skip to content](https://ctf101.org/reverse-engineering/what-are-decompilers/#decompilers)

Decompilers
===========

Decompilers do the impossible and reverse compiled code _back_ into psuedocode/code.

Popular decompilers include IDA, Binary Ninja, and Ghidra. You can compare their outputs using https://dogbolt.org/

Example Workflow
----------------

Let's say we are disassembling a program which has the source code:

`#include <stdio.h>  void printSpacer(int num){     for(int i = 0; i < num; ++i){         printf("-");     }     printf("\n"); }  int main() {     char* string = "Hello, World!";     for(int i = 0; i < 13; ++i){         printf("%c", string[i]);         for(int j = i+1; j < 13; j++){             printf("%c", string[j]);         }         printf("\n");         printSpacer(13 - i);     }     return 0; }`

And creates an output of:

`Hello, World! ------------- ello, World! ------------ llo, World! ----------- lo, World! ---------- o, World! --------- , World! --------  World! ------- World! ------ orld! ----- rld! ---- ld! --- d! -- ! -`

If we are given a binary compiled from that source and we want to figure out how the source looks, we can use a decompiler to get c pseudocode which we can then use to reconstruct the function. The sample decompilation can look like:

`printSpacer: int __fastcall printSpacer(int a1) {   int i; // [rsp+8h] [rbp-8h]    for ( i = 0; i < a1; ++i )     printf("-");   return printf("\n"); }  main: int __cdecl main(int argc, const char **argv, const char **envp) {   int v4; // [rsp+18h] [rbp-18h]   signed int i; // [rsp+1Ch] [rbp-14h]    for ( i = 0; i < 13; ++i )   {     v4 = i + 1;     printf("%c", (unsigned int)aHelloWorld[i], envp);     while ( v4 < 13 )       printf("%c", (unsigned int)aHelloWorld[v4++]);     printf("\n");     printSpacer(13 - i);   }   return 0; }`

A good method of getting a good representation of the source is to convert the decompilation into Python since Python is basically psuedocode that runs. Starting with main often allows you to gain a good overview of what the program is doing and will help you translate the other functions.

### Main

We know we will start with a main function and some variables, if you trace the execution of the variables, you can oftentimes determine the variable type. Because _i_ is being used as an index, we know its an int, and because _v4_ used as one later on, it too is an index. We can also see that we have a variable _aHelloWorld_ being printed with "%c", we can determine it represents the 'Hello, World!' string. Lets define all these variables in our Python main function:

`def main():     string = "Hello, World!"     i = 0     v4 = 0     for i in range(0, 13):         v4 = i + 1         print(string[i], end='')         while v4 < 13:             print(string[v4], end='')             v4 += 1         print()         printSpacer(13-i)`

### printSpacer Function

Now we can see that printSpacer is clearly being fed an int value. Translating it into python shouldn't be too hard.

`def printSpacer(number):     i = 0     for i in range(0, number):         print("-", end='')     print()`

### Results

Running main() gives us:

`Hello, World! ------------- ello, World! ------------ llo, World! ----------- lo, World! ---------- o, World! --------- , World! --------  World! ------- World! ------ orld! ----- rld! ---- ld! --- d! -- ! -`

Back to top

---

# PHP - CTF Handbook

 

[Skip to content](https://ctf101.org/web-exploitation/php/what-is-php/#php)

PHP
===

PHP is one of the most used languages for back-end web development and therefore it has become a target by hackers. PHP is a language which makes it painful to be secure for most instances, making it every hacker's dream target.

Overview
--------

PHP is a C-like language which uses tags enclosed by `<?php ... ?>` (sometimes just `<? ... ?>`). It is inlined into HTML. A word of advice is to keep the php docs open because function names are strange due to the fact that the length of function name is used to be the key in PHP's internal dictionary, so function names were shortened/lengthened to make the lookup faster. Other things include:

*   Variables start with $: `$name`
*   Variable variables: `$$name`
*   Request-specific dictionaries: `$_GET, $_POST, $_SERVER`

Example
-------

`<?php     if ($_SERVER['REQUEST_METHOD'] === 'POST' && isset($_POST['email']) && isset($_POST['password'])) {         $db = new mysqli('127.0.0.1', 'cs3284', 'cs3284', 'logmein');         $email = $_POST['email'];         $password = sha1($_POST['password']);         $res = $db->query("SELECT * FROM users WHERE email = '$email' AND password = '$password'");         if ($row = $res->fetch_assoc()) {             $_SESSION['id'] = $row['id'];             header('Location: index.php');             die();         }    } ?> <html>...`

This example PHP simply checks the POST data for an email and password. If the password is equal to the hashed password in the database, the use is logged in and redirected to the index page.

The line `email = '$email'` uses automatic string interpolation in order to convert $email into a string to compare with the database.

Type Juggling
-------------

PHP will do just about anything to match with a loose comparison (\\=\\=) which means things can be 'equal' (\\=\\=) or _really_ equal (\\=\\=\\=). The implicit integer parsing to strings is the root cause of a lot of issues in PHP.

### Type Comparison Table

#### Comparisons of $x with PHP Functions

| Expression | gettype() | empty() | is\_null() | isset() | boolean: `if($x)` |
| --- | --- | --- | --- | --- | --- |
| $x = ""; | string | TRUE | FALSE | TRUE | FALSE |
| $x = null; | NULL | TRUE | TRUE | FALSE | FALSE |
| var $x; | NULL | TRUE | TRUE | FALSE | FALSE |
| $x is undefined | NULL | TRUE | TRUE | FALSE | FALSE |
| $x = array(); | array | TRUE | FALSE | TRUE | FALSE |
| $x = array('a', 'b'); | array | FALSE | FALSE | TRUE | TRUE |
| $x = false; | boolean | TRUE | FALSE | TRUE | FALSE |
| $x = true; | boolean | FALSE | FALSE | TRUE | TRUE |
| $x = 1; | integer | FALSE | FALSE | TRUE | TRUE |
| $x = 42; | integer | FALSE | FALSE | TRUE | TRUE |
| $x = 0; | integer | TRUE | FALSE | TRUE | FALSE |
| $x = -1; | integer | FALSE | FALSE | TRUE | TRUE |
| $x = "1"; | string | FALSE | FALSE | TRUE | TRUE |
| $x = "0"; | string | TRUE | FALSE | TRUE | FALSE |
| $x = "-1"; | string | FALSE | FALSE | TRUE | TRUE |
| $x = "php"; | string | FALSE | FALSE | TRUE | TRUE |
| $x = "true"; | string | FALSE | FALSE | TRUE | TRUE |
| $x = "false"; | string | FALSE | FALSE | TRUE | TRUE |

#### "==" Comparisons

|     | TRUE | FALSE | 1   | 0   | \-1 | "1" | "0" | "-1" | NULL | array() | "php" | ""  |
| --- | --- | --- | --- | --- | --- | --- | --- | --- | --- | --- | --- | --- |
| TRUE | \==TRUE== | FALSE | \==TRUE== | FALSE | \==TRUE== | \==TRUE== | FALSE | \==TRUE== | FALSE | FALSE | \==TRUE== | FALSE |
| FALSE | FALSE | \==TRUE== | FALSE | \==TRUE== | FALSE | FALSE | \==TRUE== | FALSE | \==TRUE== | \==TRUE== | FALSE | \==TRUE== |
| 1   | \==TRUE== | FALSE | \==TRUE== | FALSE | FALSE | \==TRUE== | FALSE | FALSE | FALSE | FALSE | FALSE | FALSE |
| 0   | FALSE | \==TRUE== | FALSE | \==TRUE== | FALSE | FALSE | \==TRUE== | FALSE | \==TRUE== | FALSE | \==TRUE== | \==TRUE== |
| \-1 | \==TRUE== | FALSE | FALSE | FALSE | \==TRUE== | FALSE | FALSE | \==TRUE== | FALSE | FALSE | FALSE | FALSE |
| "1" | \==TRUE== | FALSE | \==TRUE== | FALSE | FALSE | \==TRUE== | FALSE | FALSE | FALSE | FALSE | FALSE | FALSE |
| "0" | FALSE | \==TRUE== | FALSE | \==TRUE== | FALSE | FALSE | \==TRUE== | FALSE | FALSE | FALSE | FALSE | FALSE |
| "-1" | \==TRUE== | FALSE | FALSE | FALSE | \==TRUE== | FALSE | FALSE | \==TRUE== | FALSE | FALSE | FALSE | FALSE |
| NULL | FALSE | \==TRUE== | FALSE | \==TRUE== | FALSE | FALSE | FALSE | FALSE | \==TRUE== | \==TRUE== | FALSE | \==TRUE== |
| array() | FALSE | \==TRUE== | FALSE | FALSE | FALSE | FALSE | FALSE | FALSE | \==TRUE== | \==TRUE== | FALSE | FALSE |
| "php" | \==TRUE== | FALSE | FALSE | \==TRUE== | FALSE | FALSE | FALSE | FALSE | FALSE | FALSE | \==TRUE== | FALSE |
| ""  | FALSE | \==TRUE== | FALSE | \==TRUE== | FALSE | FALSE | FALSE | FALSE | \==TRUE== | FALSE | FALSE | \==TRUE== |

#### "===" Comparisons

|     | TRUE | FALSE | 1   | 0   | \-1 | "1" | "0" | "-1" | NULL | array() | "php" | ""  |
| --- | --- | --- | --- | --- | --- | --- | --- | --- | --- | --- | --- | --- |
| TRUE | \==TRUE== | FALSE | FALSE | FALSE | FALSE | FALSE | FALSE | FALSE | FALSE | FALSE | FALSE | FALSE |
| FALSE | FALSE | \==TRUE== | FALSE | FALSE | FALSE | FALSE | FALSE | FALSE | FALSE | FALSE | FALSE | FALSE |
| 1   | FALSE | FALSE | \==TRUE== | FALSE | FALSE | FALSE | FALSE | FALSE | FALSE | FALSE | FALSE | FALSE |
| 0   | FALSE | FALSE | FALSE | \==TRUE== | FALSE | FALSE | FALSE | FALSE | FALSE | FALSE | FALSE | FALSE |
| \-1 | FALSE | FALSE | FALSE | FALSE | \==TRUE== | FALSE | FALSE | FALSE | FALSE | FALSE | FALSE | FALSE |
| "1" | FALSE | FALSE | FALSE | FALSE | FALSE | \==TRUE== | FALSE | FALSE | FALSE | FALSE | FALSE | FALSE |
| "0" | FALSE | FALSE | FALSE | FALSE | FALSE | FALSE | \==TRUE== | FALSE | FALSE | FALSE | FALSE | FALSE |
| "-1" | FALSE | FALSE | FALSE | FALSE | FALSE | FALSE | FALSE | \==TRUE== | FALSE | FALSE | FALSE | FALSE |
| NULL | FALSE | FALSE | FALSE | FALSE | FALSE | FALSE | FALSE | FALSE | \==TRUE== | FALSE | FALSE | FALSE |
| array() | FALSE | FALSE | FALSE | FALSE | FALSE | FALSE | FALSE | FALSE | FALSE | \==TRUE== | FALSE | FALSE |
| "php" | FALSE | FALSE | FALSE | FALSE | FALSE | FALSE | FALSE | FALSE | FALSE | FALSE | \==TRUE== | FALSE |
| ""  | FALSE | FALSE | FALSE | FALSE | FALSE | FALSE | FALSE | FALSE | FALSE | FALSE | FALSE | \==TRUE== |

File Inclusion
--------------

PHP has multiple ways to include other source files such as require, require\_once and include. These can take a dynamic string such as `require $_GET['page'] . ".php";` which is usually seen in templating.

PHP Stream Filters
------------------

PHP has its own URL scheme: `php://...` and its main purpose is to filter output automatically. It can automatically remove certain HTML tags and can base64 encode as well.

### Example

`$fp = fopen('php://output', 'w'); stream_filter_append(        $fp,        'string.strip_tags',        STREAM_FILTER_WRITE,        array('b','i','u')); fwrite($fp, "<b>bolded text</b> enlarged to a <h1>level 1 heading</h1>\n"); /* <b>bolded text</b> enlarged to a level 1 heading */`

### Exploitation

These filters can also be used on input such as:

*   `php://filter/convert.base64-encode/resource={file}`
*   `include`, `file_get_contents()`, etc. support URLs including PHP stream filter URLs (`php://`)
*   `include` normally evaluates any PHP code (in tags) it finds, but if it’s base64 encoded it can be used to leak source

Back to top

---

# Debuggers - CTF Handbook

 

[Skip to content](https://ctf101.org/reverse-engineering/what-is-gdb/#the-gnu-debugger-gdb)

The GNU Debugger (GDB)
======================

The GNU Debugger or GDB is a powerful debugger which allows for step-by-step execution of a program. It can be used to trace program execution and is an important part of any reverse engineering toolkit.

Vanilla GDB
-----------

GDB without any modifications is unintuitive and obscures a lot of useful information. The plug-in [pwndb](https://github.com/pwndbg/pwndbg)
 solves a lot of these problems and makes for a much more pleasant experience. But if you are constrained and _have_ to use vanilla gdb, here are several things to make your life easier.

### Starting GDB

To execute GBD and attach it to a program simply run `gdb [program]`

### Disassembly

`(gdb) disassemble [address/symbol]` will display the disassembly for that function/frame

GDB will autocomplete functions, so saying `(gdb) disas main` suffices if you'd like to see the disassembly of main

### View Disassembly During Execution

Another handy thing to see while stepping through a program is the disassembly of nearby instructions:

`(gdb) display/[# of instructions]i $pc [± offset]`

*   `display` shows data with each step
*   `/[#]i` shows how much data in the format i for instruction
*   `$pc` means the pc, program counter, register
*   `[± offset]` allows you to specify how you would like the data offset from the current instruction

#### Example Usage

`(gdb) display/10i $pc - 0x5`

This command will show 10 instructions on screen with an offset from the next instruction of 5, giving us this display:

   `0x8048535 <main+6>:  lock pushl -0x4(%ecx)    0x8048539 <main+10>: push   %ebp => 0x804853a <main+11>: mov    %esp,%ebp    0x804853c <main+13>: push   %ecx    0x804853d <main+14>: sub    $0x14,%esp    0x8048540 <main+17>: sub    $0xc,%esp    0x8048543 <main+20>: push   $0x400    0x8048548 <main+25>: call   0x80483a0 <malloc@plt>    0x804854d <main+30>: add    $0x10,%esp    0x8048550 <main+33>: sub    $0xc,%esp`

#### Deleting Views

If for whatever reason, a view no long suits your needs simply call `(gdb) info display` which will give you a list of active displays:

`Auto-display expressions now in effect: Num Enb Expression 1:   y  /10bi $pc-0x5`

Then simply execute `(gdb) delete display 1` and your execution will resume without the display.

### Registers

In order to view the state of registers with vanilla gdb, you need to run the command `info registers` which will display the state of all the registers:

`eax            0xf77a6ddc   -142971428 ecx            0xffe06b10   -2069744 edx            0xffe06b34   -2069708 ebx            0x0  0 esp            0xffe06af8   0xffe06af8 ebp            0x0  0x0 esi            0xf77a5000   -142979072 edi            0xf77a5000   -142979072 eip            0x804853a    0x804853a <main+11> eflags         0x286    [ PF SF IF ] cs             0x23 35 ss             0x2b 43 ds             0x2b 43 es             0x2b 43 fs             0x0  0 gs             0x63 99`

If you simply would like to see the contents of a single register, the notation `x/x $[register]` where:

*   `x/x` means display the address in hex notation
*   `$[register]` is the register code such as eax, rax, etc.

Pwndbg
------

These commands work with vanilla gdb as well.

### Setting Breakpoints

Setting breakpoints in GDB uses the format `b*[Address/Symbol]`

#### Example Usage

*   `(gdb) b*main`: Break at the start
*   `(gdb) b*0x804854d`: Break at 0x804854d
*   `(gdb) b*0x804854d-0x100`: Break at 0x804844d

#### Deleting Breakpoints

As before, in order to delete a view, you can list the available breakpoints using `(gdb) info breakpoints` (don't forget about GDB's autocomplete, you don't always need to type out every command!) which will display all breakpoints:

`Num     Type           Disp Enb Address    What 1       breakpoint     keep y   0x0804852f <main> 3       breakpoint     keep y   0x0804864d <__libc_csu_init+61>`

Then simply execute `(gdb) delete 1`

Note

GDB creates breakpoints chronologically and does NOT reuse numbers.

### Stepping

What good is a debugger if you can't control where you are going? In order to begin execution of a program, use the command `r [arguments]` similar to how if you ran it with dot-slash notation you would execute it `./program [arguments]`. In this case the program will run normally and if no breakpoints are set, you will execute normally. If you have breakpoints set, you will stop at that instruction.

*   `(gdb) continue [# of breakpoints]`: Resumes the execution of the program until it finishes or until another breakpoint is hit (shorthand `c`)
*   `(gdb) step[# of instructions]`: Steps into an instruction the specified number of times, default is 1 (shorthand `s`)
*   `(gdb) next instruction [# of instructions]`: Steps over an instruction meaning it will not delve into called functions (shorthand `ni`)
*   `(gdb) finish`: Finishes a function and breaks after it gets returned (shorthand `fin`)

### Examining

Examining data in GDB is also very useful for seeing how the program is affecting data. The notation may seem complex at first, but it is flexible and provides powerful functionality.

`(gdb) x/[#][size][format] [Address/Symbol/Register][± offset]`

*   `x/` means examine
*   `[#]` means how much
*   `[size]` means what size the data should be such as a word _w_ (2 bytes), double word _d_ (4 bytes), or giant word _g_ (8 bytes)
*   `[format]` means how the data should be interpreted such as an instruction _i_, a string _s_, hex bytes _x_
*   `[Address/Symbol][± offset]` means where to start interpreting the data

#### Example Usage

*   `(gdb) x/x $rax`: Displays the content of the register RAX as hex bytes
*   `(gdb) x/i 0xdeadbeef`: Displays the instruction at address 0xdeadbeef
*   `(gdb) x/10s 0x893e10`: Displays 10 strings at the address
*   `(gdb) x/10gx 0x7fe10`: Displays 10 giant words as hex at the address

### Forking

If the program happens to be an accept-and-fork server, gdb will have issues following the child or parent processes. In order to specify how you want gdb to function you can use the command `set follow-fork-mode [on/off]`

### Setting Data

If you would like to set data at any point, it is possible using the command `set [Address/Register]=[Hex Data]`

#### Example Usage

*   `set $rax=0x0`: Sets the register rax to 0
*   `set 0x1e4a70=0x123`: Sets the data at 0x1e4a70 to 0x123

### Process Mapping

A handy way to find the process's mapped address spaces is to use `info proc map`:

`Mapped address spaces:      Start Addr   End Addr       Size     Offset objfile      0x8048000  0x8049000     0x1000        0x0 /directory/program      0x8049000  0x804a000     0x1000        0x0 /directory/program      0x804a000  0x804b000     0x1000     0x1000 /directory/program     0xf75cb000 0xf75cc000     0x1000        0x0     0xf75cc000 0xf7779000   0x1ad000        0x0 /lib32/libc-2.23.so     0xf7779000 0xf777b000     0x2000   0x1ac000 /lib32/libc-2.23.so     0xf777b000 0xf777c000     0x1000   0x1ae000 /lib32/libc-2.23.so     0xf777c000 0xf7780000     0x4000        0x0     0xf778b000 0xf778d000     0x2000        0x0 [vvar]     0xf778d000 0xf778f000     0x2000        0x0 [vdso]     0xf778f000 0xf77b1000    0x22000        0x0 /lib32/ld-2.23.so     0xf77b1000 0xf77b2000     0x1000        0x0     0xf77b2000 0xf77b3000     0x1000    0x22000 /lib32/ld-2.23.so     0xf77b3000 0xf77b4000     0x1000    0x23000 /lib32/ld-2.23.so     0xffc59000 0xffc7a000    0x21000        0x0 [stack]`

This will show you where the stack, heap (if there is one), and libc are located.

### Attaching Processes

Another useful feature of GDB is to attach to processes which are already running. Simply launch gdb using `gdb`, then find the process id of the program you would like to attach to an execute `attach [pid]`.

Back to top

---

# Calling Conventions - CTF Handbook

 

[Skip to content](https://ctf101.org/binary-exploitation/what-are-calling-conventions/#calling-conventions)

Calling Conventions
===================

To be able to call functions, there needs to be an agreed-upon way to pass arguments. If a program is entirely self-contained in a binary, the compiler would be free to decide the calling convention. However in reality, shared libraries are used so that common code (e.g. libc) can be stored once and dynamically linked in to programs that need it, reducing program size.

In Linux binaries, there are really only two commonly used calling conventions: cdecl for 32-bit binaries, and SysV for 64-bit

cdecl
-----

In 32-bit binaries on Linux, function arguments are passed in on [the stack](https://ctf101.org/binary-exploitation/what-is-the-stack/)
 in reverse order. A function like this:

`int add(int a, int b, int c) {     return a + b + c; }`

would be invoked by pushing `c`, then `b`, then `a`.

SysV
----

For 64-bit binaries, function arguments are first passed in certain registers:

1.  RDI
2.  RSI
3.  RDX
4.  RCX
5.  R8
6.  R9

then any leftover arguments are pushed onto the stack in reverse order, as in cdecl.

Other Conventions
-----------------

Any method of passing arguments could be used as long as the compiler is aware of what the convention is. As a result, there have been _many_ calling conventions in the past that aren't used frequently anymore. See [Wikipedia](https://en.wikipedia.org/wiki/X86_calling_conventions)
 for a comprehensive list.

Back to top

---

# The C Programming Language - CTF Handbook

 

[Skip to content](https://ctf101.org/reverse-engineering/what-is-c/#the-c-programming-language)

The C Programming Language
==========================

History
-------

The C programming language was written by Dennis Ritchie in the 1970s while he was working at Bell Labs. It was first used to reimplement the Unix operating system which was purely written in assembly language. At first, the Unix developers were considering using a language called "B" but because B wasn't optimized for the target computer, the C language was created.

Note

C is the letter and the programming language after B!

C was designed to be close to assembly and is still widely used in lower level programming where speed and control are needed (operating systems, embedded systems). C was also very influential to other programming languages used today. Notable languages include C++, Objective-C, Golang, Java, JavaScript, PHP, Python, and Rust.

Hello World
-----------

C is an ancestor of many other programming languages and if you are familiar with programming, it's likely that C will be at least somewhat familiar.

`#include <stdio.h> int main() {    printf("Hello, World!");    return 0; }`

Today
-----

Today C is widely used either as a low level programming language or is the base language that other programming languages are implemented in.

While it can be difficult to see, the C language compiles down directly into machine code. The compiler is programmed to process the provided C code and emit assembly that's targetted to whatever operating system and architecture the compiler is set to use.

Some common compilers include:

*   gcc
*   clang

A good way to explore this relationship is to use this online [GCC Explorer](https://godbolt.org/#)
 from Matt Godbolt.

[![GCC Explorer](https://ctf101.org/reverse-engineering/images/godbold-org.png)](https://ctf101.org/reverse-engineering/images/godbold-org.png)

In regards to CTF, many reverse engineering and exploitation CTF challenges are written in C because the language compiles down directly to assembly and there are little to no safeguards in the language. This means developers must manually handle both. Of course, this can lead to mistakes which can sometimes lead to security issues.

Note

Other higher level langauges like Python manage memory and garbage collection for you. Google Golang was inspired by C, but adds in functionality like garbage collection and memory safety.

There are some examples of famously vulnerable functions in C which are still available and can still result in vulnerabilities:

*   `gets` - Can result in buffer overflows
*   `strcpy` - Can result in buffer overflows
*   `strcat` - Can result in buffer overflows
*   `strcmp` - Can result in timing attacks

Types
-----

C has four basic types:

*   char - characters
*   int - integers (e.g. 125)
*   float - 32 bit floating point number (e.g. 2.4)
*   double - 64 bit floating point number (like a float but more precise in terms of decimal points)

Pointers
--------

C uses an idea known as pointers. A pointer is a variable which contains the address of another variable.

To understand this idea we should first understand that memory is laid out in terms of addresses and data gets stored at these addresses.

Take the following example of defining an integer in C:

`int x = 4;`

To the programmer this is the variable `x` receiving the value of 4. The computer stores this value in some location in memory. For example we can say that address `0x1000` now holds the value `4`. The computer knows to directly access the memory and retrieve the value `4` whenever the programmer tries to use the `x` variable. If we were to say `x + 4`, the computer would give you `8` instead of `0x1004`.

But in C we can retrieve the memory address being used to hold the 4 value (i.e. 0x1000) by using the `&` character and using `*` to create an "integer pointer" type.

`int* y = &x;`

The `y` variable will store the address pointed to by the `x`variable (0x1000).

Note

The `*` character allows us to declare pointer variables but also allows us to access the value stored at a pointer. For example, entering `*y` allows us to access the 4 value instead of 0x1000.

Whenever we use the `y` variable we are using the memory address, but if we use the `x` variable we use the value stored at the memory address.

Arrays
------

Arrays are a grouping of objects of the same type. They are typically created with the following syntax:

`type arrayName [ arraySize ];`

To initialize values in the array we can do:

`int integers[ 10 ] = {1, 2, 3, 4, 5, 6, 7, 8, 9, 10};`

Arrays allow programmers to group data into logical containers.

To access the individual elements of an array we access the contents by their "index". Most programming langauges today start counting from 0. So to take our previous example:

`int integers[ 10 ] = {1, 2, 3, 4, 5, 6, 7, 8, 9, 10}; /*     indexes        0  1  2  3  4  5  6  7  8   9`

To access the value 6 we would use index 5:

`integers[5];`

### How do arrays work?

Arrays are a clever combination of multiplication, pointers, and programming.

Because the computer knows the data type used for every element in the array, the computer needs to simply multiply the size of the data type by the index you are looking for and then add this value to the address of the beginning of the array.

For example if we know that the base address of an array is 1000 and we know that each integer takes 8 bytes, we know that if we have 8 integers right next to each other, we can get the integer at the 4th index with the following math:

`1000 + (4 * 8) =  1032`

`array [ 1   , 2   , 3   , 4   , 5   , 6   , 7   , 8   ] index   0     1     2     3     4     5     6     7 addrs  1000  1008  1016  1024  1032  1040  1048  1056`

Memory Management
-----------------

Back to top

---

# Format String Vulnerability - CTF Handbook

 

[Skip to content](https://ctf101.org/binary-exploitation/what-is-a-format-string-vulnerability/#format-string-vulnerability)

Format String Vulnerability
===========================

A format string vulnerability is a bug where user input is passed as the format argument to `printf`, `scanf`, or another function in that family.

The format argument has many different specifiers which could allow an attacker to leak data if they control the format argument to `printf`. Since `printf` and similar are _variadic_ functions, they will continue popping data off of the stack according to the format.

For example, if we can make the format argument "%x.%x.%x.%x", `printf` will pop off four stack values and print them in hexadecimal, potentially leaking sensitive information.

`printf` can also index to an arbitrary "argument" with the following syntax: "%n$x" (where `n` is the decimal index of the argument you want).

While these bugs are powerful, they're very rare nowadays, as all modern compilers warn when `printf` is called with a non-constant string.

Example
-------

`#include <stdio.h> #include <unistd.h>  int main() {     int secret_num = 0x8badf00d;      char name[64] = {0};     read(0, name, 64);     printf("Hello ");     printf(name);     printf("! You'll never get my secret!\n");     return 0; }`

Due to how GCC decided to lay out the stack, `secret_num` is actually at a lower address on the stack than `name`, so we only have to go to the 7th "argument" in `printf` to leak the secret:

`$ ./fmt_string %7$llx Hello 8badf00d3ea43eef ! You'll never get my secret!`

Back to top

---

# What are Buffers - CTF Handbook

 

[Skip to content](https://ctf101.org/binary-exploitation/what-are-buffers/#buffers)

Buffers
=======

A buffer is any allocated space in memory where data (often user input) can be stored. For example, in the following C program `name` would be considered a stack buffer:

`#include <stdio.h>  int main() {     char name[64] = {0};     read(0, name, 63);     printf("Hello %s", name);     return 0; }`

Buffers could also be global variables:

`#include <stdio.h>  char name[64] = {0};  int main() {     read(0, name, 63);     printf("Hello %s", name);     return 0; }`

Or dynamically allocated on the [heap](https://ctf101.org/binary-exploitation/what-is-the-heap/)
:

`#include <stdio.h> #include <stdlib.h>  int main() {     char *name = malloc(64);     memset(name, 0, 64);     read(0, name, 63);     printf("Hello %s", name);     return 0; }`

Exploits
--------

Given that buffers commonly hold user input, mistakes when writing to them could result in attacker controlled data being written outside of the buffer's space. See the page on [buffer overflows](https://ctf101.org/binary-exploitation/buffer-overflow/)
 for more.

Back to top

---

# What is Binary Security - CTF Handbook

 

[Skip to content](https://ctf101.org/binary-exploitation/what-is-binary-security/#binary-security)

Binary Security
===============

Binary Security is using tools and methods in order to secure programs from being manipulated and exploited. This tools are not infallible, but when used together and implemented properly, they can raise the difficulty of exploitation greatly.

Some methods covered include:

*   [No eXecute (NX)](https://ctf101.org/binary-exploitation/no-execute/)
    
*   [Address Space Layout Randomization (ASLR)](https://ctf101.org/binary-exploitation/address-space-layout-randomization/)
    
*   [Relocation Read-Only (RELRO)](https://ctf101.org/binary-exploitation/relocation-read-only/)
    
*   [Stack Canaries/Cookies](https://ctf101.org/binary-exploitation/stack-canaries/)
    

Back to top

---

# No eXecute (NX) - CTF Handbook

 

[Skip to content](https://ctf101.org/binary-exploitation/no-execute/#no-execute-nx-bit)

No eXecute (NX Bit)
===================

The No eXecute or the NX bit (also known as Data Execution Prevention or DEP) marks certain areas of the program as not executable, meaning that stored input or data cannot be executed as code. This is significant because it prevents attackers from being able to jump to custom shellcode that they've stored on the stack or in a global variable.

Back to top

---

# Return Oriented Programming (ROP) - CTF Handbook

 

[Skip to content](https://ctf101.org/binary-exploitation/return-oriented-programming/#return-oriented-programming)

Return Oriented Programming
===========================

Return Oriented Programming (or ROP) is the idea of chaining together small snippets of assembly with stack control to cause the program to do more complex things.

As we saw in [buffer overflows](https://ctf101.org/binary-exploitation/buffer-overflow/)
, having stack control can be very powerful since it allows us to overwrite saved instruction pointers, giving us control over what the program does next. Most programs don't have a convenient `give_shell` function however, so we need to find a way to manually invoke `system` or another `exec` function to get us our shell.

32 bit
------

Imagine we have a program similar to the following:

`#include <stdio.h> #include <stdlib.h>  char name[32];  int main() {     printf("What's your name? ");     read(0, name, 32);      printf("Hi %s\n", name);      printf("The time is currently ");     system("/bin/date");      char echo[100];     printf("What do you want me to echo back? ");     read(0, echo, 1000);     puts(echo);      return 0; }`

We obviously have a stack buffer overflow on the `echo` variable which can give us EIP control when `main` returns. But we don't have a `give_shell` function! So what can we do?

We can call `system` with an argument we control! Since arguments are passed in on the stack in 32-bit Linux programs (see [calling conventions](https://ctf101.org/binary-exploitation/what-are-calling-conventions/)
), if we have stack control, we have argument control.

When main returns, we want our stack to look like something had normally called `system`. Recall what is on the stack after a function has been called:

        `...                                 // More arguments         0xffff0008: 0x00000002              // Argument 2         0xffff0004: 0x00000001              // Argument 1 ESP ->  0xffff0000: 0x080484d0              // Return address`

So `main`'s stack frame needs to look like this:

        `0xffff0008: 0xdeadbeef              // system argument 1         0xffff0004: 0xdeadbeef              // return address for system ESP ->  0xffff0000: 0x08048450              // return address for main (system's PLT entry)`

Then when `main` returns, it will jump into `system`'s [PLT](https://ctf101.org/binary-exploitation/what-is-the-got/#plt)
 entry and the stack will appear just like `system` had been called normally for the first time.

Note: we don't care about the return address `system` will return to because we will have already gotten our shell by then!

### Arguments

This is a good start, but we need to pass an argument to `system` for anything to happen. As mentioned in the page on [ASLR](https://ctf101.org/binary-exploitation/address-space-layout-randomization/)
, the stack and dynamic libraries "move around" each time a program is run, which means we can't easily use data on the stack or a string in libc for our argument. In this case however, we have a very convenient `name` global which will be at a known location in the binary (in the BSS segment).

### Putting it together

Our exploit will need to do the following:

1.  Enter "sh" or another command to run as `name`
2.  Fill the stack with
    1.  Garbage up to the saved EIP
    2.  The address of `system`'s PLT entry
    3.  A fake return address for system to jump to when it's done
    4.  The address of the `name` global to act as the first argument to `system`

64 bit
------

In 64-bit binaries we have to work a bit harder to pass arguments to functions. The basic idea of overwriting the saved RIP is the same, but as discussed in [calling conventions](https://ctf101.org/binary-exploitation/what-are-calling-conventions/)
, arguments are passed in registers in 64-bit programs. In the case of running `system`, this means we will need to find a way to control the RDI register.

To do this, we'll use small snippets of assembly in the binary, called "gadgets." These gadgets usually `pop` one or more registers off of the stack, and then call `ret`, which allows us to chain them together by making a large fake call stack.

For example, if we needed control of both RDI and RSI, we might find two gadgets in our program that look like this (using a tool like [rp++](https://github.com/0vercl0k/rp)
 or [ROPgadget](https://github.com/JonathanSalwan/ROPgadget)
):

`0x400c01: pop rdi; ret 0x400c03: pop rsi; pop r15; ret`

We can setup a fake call stack with these gadets to sequentially execute them, `pop`ing values we control into registers, and then end with a jump to `system`.

### Example

        `0xffff0028: 0x400d00            // where we want the rsi gadget's ret to jump to now that rdi and rsi are controlled         0xffff0020: 0x1337beef          // value we want in r15 (probably garbage)         0xffff0018: 0x1337beef          // value we want in rsi         0xffff0010: 0x400c03            // address that the rdi gadget's ret will return to - the pop rsi gadget         0xffff0008: 0xdeadbeef          // value to be popped into rdi RSP ->  0xffff0000: 0x400c01            // address of rdi gadget`

Stepping through this one instruction at a time, `main` returns, jumping to our `pop rdi` gadget:

`RIP = 0x400c01 (pop rdi) RDI = UNKNOWN RSI = UNKNOWN          0xffff0028: 0x400d00            // where we want the rsi gadget's ret to jump to now that rdi and rsi are controlled         0xffff0020: 0x1337beef          // value we want in r15 (probably garbage)         0xffff0018: 0x1337beef          // value we want in rsi         0xffff0010: 0x400c03            // address that the rdi gadget's ret will return to - the pop rsi gadget RSP ->  0xffff0008: 0xdeadbeef          // value to be popped into rdi`

`pop rdi` is then executed, popping the top of the stack into RDI:

`RIP = 0x400c02 (ret) RDI = 0xdeadbeef RSI = UNKNOWN          0xffff0028: 0x400d00            // where we want the rsi gadget's ret to jump to now that rdi and rsi are controlled         0xffff0020: 0x1337beef          // value we want in r15 (probably garbage)         0xffff0018: 0x1337beef          // value we want in rsi RSP ->  0xffff0010: 0x400c03            // address that the rdi gadget's ret will return to - the pop rsi gadget`

The RDI gadget then `ret`s into our RSI gadget:

`RIP = 0x400c03 (pop rsi) RDI = 0xdeadbeef RSI = UNKNOWN          0xffff0028: 0x400d00            // where we want the rsi gadget's ret to jump to now that rdi and rsi are controlled         0xffff0020: 0x1337beef          // value we want in r15 (probably garbage) RSP ->  0xffff0018: 0x1337beef          // value we want in rsi`

RSI and R15 are popped:

`RIP = 0x400c05 (ret) RDI = 0xdeadbeef RSI = 0x1337beef  RSP ->  0xffff0028: 0x400d00            // where we want the rsi gadget's ret to jump to now that rdi and rsi are controlled`

And finally, the RSI gadget `ret`s, jumping to whatever function we want, but now with RDI and RSI set to values we control.

Back to top

---

# The Stack - CTF Handbook

 

[Skip to content](https://ctf101.org/binary-exploitation/what-is-the-stack/#the-stack)

The Stack
=========

In computer architecture, the stack is a hardware manifestation of the stack data structure (a Last In, First Out queue).

In x86, the stack is simply an area in RAM that was chosen to be the stack - there is no special hardware to store stack contents. The `esp`/`rsp` register holds the address in memory where the bottom of the stack resides. When something is `push`ed to the stack, `esp` decrements by 4 (or 8 on 64-bit x86), and the value that was `push`ed is stored at that location in memory. Likewise, when a `pop` instruction is executed, the value at `esp` is retrieved (i.e. `esp` is dereferenced), and `esp` is then incremented by 4 (or 8).

**N.B. The stack "grows" down to lower memory addresses!**

Conventionally, `ebp`/`rbp` contains the address of the top of the current **stack frame**, and so sometimes local variables are referenced as an offset relative to `ebp` rather than an offset to `esp`. A stack frame is essentially just the space used on the stack by a given function.

Uses
----

The stack is primarily used for a few things:

*   Storing function arguments
*   Storing local variables
*   Storing processor state between function calls

Example
-------

Let's see what the stack looks like right after `say_hi` has been called in this 32-bit x86 C program:

`#include <stdio.h>  void say_hi(const char * name) {     printf("Hello %s!\n", name); }  int main(int argc, char ** argv) {     char * name;     if (argc != 2) {         return 1;     }     name = argv[1];     say_hi(name);     return 0; }`

And the relevant assembly:

`0804840b <say_hi>:  804840b:   55                      push   ebp  804840c:   89 e5                   mov    ebp,esp  804840e:   83 ec 08                sub    esp,0x8  8048411:   83 ec 08                sub    esp,0x8  8048414:   ff 75 08                push   DWORD PTR [ebp+0x8]  8048417:   68 f0 84 04 08          push   0x80484f0  804841c:   e8 bf fe ff ff          call   80482e0 <printf@plt>  8048421:   83 c4 10                add    esp,0x10  8048424:   90                      nop  8048425:   c9                      leave  8048426:   c3                      ret  08048427 <main>:  8048427:   8d 4c 24 04             lea    ecx,[esp+0x4]  804842b:   83 e4 f0                and    esp,0xfffffff0  804842e:   ff 71 fc                push   DWORD PTR [ecx-0x4]  8048431:   55                      push   ebp  8048432:   89 e5                   mov    ebp,esp  8048434:   51                      push   ecx  8048435:   83 ec 14                sub    esp,0x14  8048438:   89 c8                   mov    eax,ecx  804843a:   83 38 02                cmp    DWORD PTR [eax],0x2  804843d:   74 07                   je     8048446 <main+0x1f>  804843f:   b8 01 00 00 00          mov    eax,0x1  8048444:   eb 1c                   jmp    8048462 <main+0x3b>  8048446:   8b 40 04                mov    eax,DWORD PTR [eax+0x4]  8048449:   8b 40 04                mov    eax,DWORD PTR [eax+0x4]  804844c:   89 45 f4                mov    DWORD PTR [ebp-0xc],eax  804844f:   83 ec 0c                sub    esp,0xc  8048452:   ff 75 f4                push   DWORD PTR [ebp-0xc]  8048455:   e8 b1 ff ff ff          call   804840b <say_hi>  804845a:   83 c4 10                add    esp,0x10  804845d:   b8 00 00 00 00          mov    eax,0x0  8048462:   8b 4d fc                mov    ecx,DWORD PTR [ebp-0x4]  8048465:   c9                      leave  8048466:   8d 61 fc                lea    esp,[ecx-0x4]  8048469:   c3                      ret`

Skipping over the bulk of `main`, you'll see that at `0x8048452` `main`'s `name` local is pushed to the stack because it's the first argument to `say_hi`. Then, a `call` instruction is executed. `call` instructions first push the current instruction pointer to the stack, then jump to their destination. So when the processor begins executing `say_hi` at `0x0804840b`, the stack looks like this:

`EIP = 0x0804840b (push ebp) ESP = 0xffff0000 EBP = 0xffff002c          0xffff0004: 0xffffa0a0              // say_hi argument 1 ESP ->  0xffff0000: 0x0804845a              // Return address for say_hi`

The first thing `say_hi` does is save the current `ebp` so that when it returns, `ebp` is back where `main` expects it to be. The stack now looks like this:

`EIP = 0x0804840c (mov ebp, esp) ESP = 0xfffefffc EBP = 0xffff002c          0xffff0004: 0xffffa0a0              // say_hi argument 1         0xffff0000: 0x0804845a              // Return address for say_hi ESP ->  0xfffefffc: 0xffff002c              // Saved EBP`

Again, note how `esp` gets smaller when values are pushed to the stack.

Next, the current `esp` is saved into `ebp`, marking the top of the new stack frame.

`EIP = 0x0804840e (sub esp, 0x8) ESP = 0xfffefffc EBP = 0xfffefffc              0xffff0004: 0xffffa0a0              // say_hi argument 1             0xffff0000: 0x0804845a              // Return address for say_hi ESP, EBP -> 0xfffefffc: 0xffff002c              // Saved EBP`

Then, the stack is "grown" to accommodate local variables inside `say_hi`.

`EIP = 0x08048414 (push [ebp + 0x8]) ESP = 0xfffeffec                            // sub x2 EBP = 0xfffefffc          0xffff0004: 0xffffa0a0              // say_hi argument 1         0xffff0000: 0x0804845a              // Return address for say_hi EBP ->  0xfffefffc: 0xffff002c              // Saved EBP         0xfffefff8: UNDEFINED         0xfffefff4: UNDEFINED         0xfffefff0: UNDEFINED ESP ->  0xfffeffec: UNDEFINED`

**NOTE: stack space is not implictly cleared!**

Now, the 2 arguments to `printf` are pushed in reverse order.

`EIP = 0x0804841c (call printf@plt) ESP = 0xfffeffe4 EBP = 0xfffefffc          0xffff0004: 0xffffa0a0              // say_hi argument 1         0xffff0000: 0x0804845a              // Return address for say_hi EBP ->  0xfffefffc: 0xffff002c              // Saved EBP         0xfffefff8: UNDEFINED         0xfffefff4: UNDEFINED         0xfffefff0: UNDEFINED         0xfffeffec: UNDEFINED         0xfffeffe8: 0xffffa0a0              // printf argument 2 ESP ->  0xfffeffe4: 0x080484f0              // printf argument 1`

Finally, `printf` is called, which pushes the address of the next instruction to execute.

`EIP = 0x080482e0 ESP = 0xfffeffe4 EBP = 0xfffefffc          0xffff0004: 0xffffa0a0              // say_hi argument 1         0xffff0000: 0x0804845a              // Return address for say_hi EBP ->  0xfffefffc: 0xffff002c              // Saved EBP         0xfffefff8: UNDEFINED         0xfffefff4: UNDEFINED         0xfffefff0: UNDEFINED         0xfffeffec: UNDEFINED         0xfffeffe8: 0xffffa0a0              // printf argument 2         0xfffeffe4: 0x080484f0              // printf argument 1 ESP ->  0xfffeffe0: 0x08048421              // Return address for printf`

Once `printf` has returned, the `leave` instruction moves `ebp` into `esp`, and pops the saved EBP.

`EIP = 0x08048426 (ret) ESP = 0xfffefffc EBP = 0xffff002c          0xffff0004: 0xffffa0a0              // say_hi argument 1 ESP ->  0xffff0000: 0x0804845a              // Return address for say_hi`

And finally, `ret` pops the saved instruction pointer into `eip` which causes the program to return to main with the same `esp`, `ebp`, and stack contents as when `say_hi` was initially called.

`EIP = 0x0804845a (add esp, 0x10) ESP = 0xffff0000 EBP = 0xffff002c  ESP ->  0xffff0004: 0xffffa0a0              // say_hi argument 1`

Back to top

---

# Address Space Layout Randomization (ASLR) - CTF Handbook

 

[Skip to content](https://ctf101.org/binary-exploitation/address-space-layout-randomization/#address-space-layout-randomization-aslr)

Address Space Layout Randomization (ASLR)
=========================================

Address Space Layout Randomization (or ASLR) is the randomization of the place in memory where the program, shared libraries, the stack, and the heap are. This makes can make it harder for an attacker to exploit a service, as knowledge about where the stack, heap, or libc can't be re-used between program launches. This is a partially effective way of preventing an attacker from jumping to, for example, libc without a leak.

Typically, only the stack, heap, and shared libraries are ASLR enabled. It is still somewhat rare for the main program to have ASLR enabled, though it is being seen more frequently and is slowly becoming the default.

Back to top

---

# Buffer Overflow - CTF Handbook

 

[Skip to content](https://ctf101.org/binary-exploitation/buffer-overflow/#buffer-overflow)

Buffer Overflow
===============

A Buffer Overflow is a vulnerability in which data can be written which exceeds the allocated space, allowing an attacker to overwrite other data.

Stack buffer overflow
---------------------

The simplest and most common buffer overflow is one where the buffer is on [the stack](https://ctf101.org/binary-exploitation/what-is-the-stack/)
. Let's look at an example.

`#include <stdio.h>  int main() {     int secret = 0xdeadbeef;     char name[100] = {0};     read(0, name, 0x100);     if (secret == 0x1337) {         puts("Wow! Here's a secret.");     } else {         puts("I guess you're not cool enough to see my secret");     } }`

There's a tiny mistake in this program which will allow us to see the secret. `name` is decimal 100 bytes, however we're reading in hex 100 bytes (=256 decimal bytes)! Let's see how we can use this to our advantage.

If the compiler chose to layout the stack like this:

        `0xffff006c: 0xf7f7f7f7  // Saved EIP         0xffff0068: 0xffff0100  // Saved EBP         0xffff0064: 0xdeadbeef  // secret ...         0xffff0004: 0x0 ESP ->  0xffff0000: 0x0         // name`

let's look at what happens when we read in 0x100 bytes of 'A's.

The first decimal 100 bytes are saved properly:

        `0xffff006c: 0xf7f7f7f7  // Saved EIP         0xffff0068: 0xffff0100  // Saved EBP         0xffff0064: 0xdeadbeef  // secret ...         0xffff0004: 0x41414141 ESP ->  0xffff0000: 0x41414141  // name`

However when the 101st byte is read in, we see an issue:

        `0xffff006c: 0xf7f7f7f7  // Saved EIP         0xffff0068: 0xffff0100  // Saved EBP         0xffff0064: 0xdeadbe41  // secret ...         0xffff0004: 0x41414141 ESP ->  0xffff0000: 0x41414141  // name`

The least significant byte of `secret` has been overwritten! If we follow the next 3 bytes to be read in, we'll see the entirety of `secret` is "clobbered" with our 'A's

        `0xffff006c: 0xf7f7f7f7  // Saved EIP         0xffff0068: 0xffff0100  // Saved EBP         0xffff0064: 0x41414141  // secret ...         0xffff0004: 0x41414141 ESP ->  0xffff0000: 0x41414141  // name`

The remaining 152 bytes would continue clobbering values up the stack.

### Passing an impossible check

How can we use this to pass the seemingly impossible check in the original program? Well, if we carefully line up our input so that the bytes that overwrite `secret` happen to be the bytes that represent 0x1337 in little-endian, we'll see the secret message.

A small Python one-liner will work nicely: `python -c "print 'A'*100 + '\x31\x13\x00\x00'"`

This will fill the `name` buffer with 100 'A's, then overwrite `secret` with the 32-bit little-endian encoding of 0x1337.

### Going one step further

As discussed on [the stack](https://ctf101.org/binary-exploitation/what-is-the-stack/)
 page, the instruction that the current function should jump to when it is done is also saved on the stack (denoted as "Saved EIP" in the above stack diagrams). If we can overwrite this, we can control where the program jumps after `main` finishes running, giving us the ability to control what the program does entirely.

Usually, the end objective in binary exploitation is to get a shell (often called "popping a shell") on the remote computer. The shell provides us with an easy way to run _anything_ we want on the target computer.

Say there happens to be a nice function that does this defined somewhere else in the program that we normally can't get to:

`void give_shell() {     system("/bin/sh"); }`

Well with our buffer overflow knowledge, now we can! All we have to do is overwrite the saved EIP on the stack to the address where `give_shell` is. Then, when main returns, it will pop that address off of the stack and jump to it, running `give_shell`, and giving us our shell.

Assuming `give_shell` is at 0x08048fd0, we could use something like this: `python -c "print 'A'*108 + '\xd0\x8f\x04\x08'"`

We send 108 'A's to overwrite the 100 bytes that is allocated for `name`, the 4 bytes for `secret`, and the 4 bytes for the saved EBP. Then we simply send the little-endian form of `give_shell`'s address, and we would get a shell!

This idea is extended on in [Return Oriented Programming](https://ctf101.org/binary-exploitation/return-oriented-programming/)

Back to top

---

# Relocation Read-Only (RELRO) - CTF Handbook

 

[Skip to content](https://ctf101.org/binary-exploitation/relocation-read-only/#relocation-read-only-relro)

Relocation Read-Only (RELRO)
============================

Relocation Read-Only (or RELRO) is a security measure which makes some binary sections read-only.

There are two RELRO "modes": partial and full.

Partial RELRO
-------------

Partial RELRO is the default setting in GCC, and nearly all binaries you will see have at least partial RELRO.

From an attackers point-of-view, partial RELRO makes almost no difference, other than it forces the GOT to come before the BSS in memory, eliminating the risk of a [buffer overflows](https://ctf101.org/binary-exploitation/buffer-overflow/)
 on a global variable overwriting GOT entries.

Full RELRO
----------

Full RELRO makes the entire GOT read-only which removes the ability to perform a "GOT overwrite" attack, where the GOT address of a function is overwritten with the location of another function or a ROP gadget an attacker wants to run.

Full RELRO is not a default compiler setting as it can greatly increase program startup time since all symbols must be resolved before the program is started. In large programs with thousands of symbols that need to be linked, this could cause a noticable delay in startup time.

Back to top

---

# Stack Canaries - CTF Handbook

 

[Skip to content](https://ctf101.org/binary-exploitation/stack-canaries/#stack-canaries)

Stack Canaries
==============

Stack Canaries are a secret value placed on the stack which changes every time the program is started. Prior to a function return, the stack canary is checked and if it appears to be modified, the program exits immeadiately.

[![Stack Canary](https://ctf101.org/binary-exploitation/images/stack-canary.png)](https://ctf101.org/binary-exploitation/images/stack-canary.png)

Bypassing Stack Canaries
------------------------

Stack Canaries seem like a clear cut way to mitigate any stack smashing as it is fairly impossible to just guess a random 64-bit value. However, leaking the address and bruteforcing the canary are two methods which would allow us to get through the canary check.

### Stack Canary Leaking

If we can read the data in the stack canary, we can send it back to the program later because the canary stays the same throughout execution. However Linux makes this slightly tricky by making the first byte of the stack canary a NULL, meaning that string functions will stop when they hit it. A method around this would be to partially overwrite and then put the NULL back or find a way to leak bytes at an arbitrary stack offset.

A few situations where you might be able to leak a canary:

*   User-controlled format string
*   User-controlled length of an output
    *   “Hey, can you send me 1000000 bytes? thx!”

### Bruteforcing a Stack Canary

The canary is determined when the program starts up for the first time which means that if the program forks, it keeps the same stack cookie in the child process. This means that if the input that can overwrite the canary is sent to the child, we can use whether it crashes as an oracle and brute-force 1 byte at a time!

This method can be used on fork-and-accept servers where connections are spun off to child processes, but only under certain conditions such as when the input accepted by the program does not append a NULL byte (**read** or **recv**).

| Buffer (N Bytes) | ?? ?? ?? ?? ?? ?? ?? ?? | RBP | RIP |
| --- | --- | --- | --- |
|     |     |     |     |

Fill the buffer N Bytes + 0x00 results in no crash

| Buffer (N Bytes) | 00 ?? ?? ?? ?? ?? ?? ?? | RBP | RIP |
| --- | --- | --- | --- |
|     |     |     |     |

Fill the buffer N Bytes + 0x00 + 0x00 results in a crash

N Bytes + 0x00 + 0x01 results in a crash

N Bytes + 0x00 + 0x02 results in a crash

...

N Bytes + 0x00 + 0x51 results in no crash

| Buffer (N Bytes) | 00 51 ?? ?? ?? ?? ?? ?? | RBP | RIP |
| --- | --- | --- | --- |
|     |     |     |     |

Repeat this bruteforcing process for 6 more bytes...

| Buffer (N Bytes) | 00 51 FE 0A 31 D2 7B 3C | RBP | RIP |
| --- | --- | --- | --- |
|     |     |     |     |

Now that we have the stack cookie, we can overwrite the RIP register and take control of the program!

Back to top

---

# What is the Heap - CTF Handbook

 

[Skip to content](https://ctf101.org/binary-exploitation/what-is-the-heap/#the-heap)

The Heap
========

The **heap** is a place in memory which a program can use to dynamically create objects. Creating objects on the heap has some advantages compared to using the stack:

*   Heap allocations can be dynamically sized
*   Heap allocations "persist" when a function returns

There are also some disadvantages however:

*   Heap allocations can be slower
*   Heap allocations must be manually cleaned up

Using the heap
--------------

In C, there are a number of functions used to interact with the heap, but we're going to focus on the two core ones:

*   `malloc`: allocate `n` bytes on the heap
*   `free`: free the given allocation

Let's see how these could be used in a program:

`#include <stdio.h> #include <stdlib.h> #include <string.h> #include <unistd.h>  int main() {     unsigned alloc_size = 0;     char *stuff;      printf("Number of bytes? ");     scanf("%u", &alloc_size);      stuff = malloc(alloc_size + 1);     memset(stuff, 0, alloc_size + 1);      read(0, stuff, alloc_size);      printf("You wrote: %s", stuff);      free(stuff);      return 0; }`

This program reads in a size from the user, creates an allocation of that size on the heap, reads in that many bytes, then prints it back out to the user.

Back to top

---

# Heap Exploitation - CTF Handbook

 

[Skip to content](https://ctf101.org/binary-exploitation/heap-exploitation/#heap-exploits)

Heap Exploits
=============

Overflow
--------

Much like a [stack buffer overflow](https://ctf101.org/binary-exploitation/buffer-overflow/#stack-buffer-overflow)
, a **heap overflow** is a vulnerability where more data than can fit in the allocated buffer is read in. This could lead to heap metadata corruption, or corruption of other heap objects, which could in turn provide new attack surface.

Use After Free (UAF)
--------------------

Once `free` is called on an allocation, the allocator is free to re-allocate that chunk of memory in future calls to `malloc` if it so chooses. However if the program author isn't careful and uses the freed object later on, the contents may be corrupt (or even attacker controlled). This is called a use after free or UAF.

### Example

`#include <stdio.h> #include <stdlib.h> #include <unistd.h> #include <string.h>  typedef struct string {     unsigned length;     char *data; } string;  int main() {     struct string* s = malloc(sizeof(string));     puts("Length:");     scanf("%u", &s->length);     s->data = malloc(s->length + 1);     memset(s->data, 0, s->length + 1);     puts("Data:");     read(0, s->data, s->length);      free(s->data);     free(s);      char *s2 = malloc(16);     memset(s2, 0, 16);     puts("More data:");     read(0, s2, 15);      // Now using s again, a UAF      puts(s->data);      return 0; }`

In this example, we have a `string` structure with a length and a pointer to the actual string data. We properly allocate, fill, and then free an instance of this structure. Then we make another allocation, fill it, and then improperly reference the freed `string`. Due to how glibc's allocator works, `s2` will actually get the same memory as the original `s` allocation, which in turn gives us the ability to control the `s->data` pointer. This could be used to leak program data.

Advanced Heap Exploitation
==========================

Not only can the heap be exploited by the data in allocations, but exploits can also use the underlying mechanisms in `malloc`, `free`, etc. to exploit a program. This is beyond the scope of CTF 101, but here are a few recommended resources:

*   [sploitFUN's glibc overview](https://sploitfun.wordpress.com/2015/02/10/understanding-glibc-malloc/)
    
*   [Shellphish's how2heap](https://github.com/shellphish/how2heap)
    

Back to top

---

# I need a server - CTF Handbook

 

[Skip to content](https://ctf101.org/faq/i-need-a-server/#i-need-a-server)

I need a server
===============

Occasionally, certain kinds of exploits will require a server to connect back to. Some examples are connect back shellcode, cross site request forgery (CSRF), or blind cross site scripting (XSS).

I just a web server
-------------------

If you just need a web server to host simple static websites or check access logs, we recommend using [PythonAnywhere](https://www.pythonanywhere.com/)
 to host a simple web application. You can program a simple web application in popular Python web frameworks (e.g. Flask) and host it there for free.

I need a real server
--------------------

If you need a real server (perhaps to run complex calculations or for shellcode to connect back to), we recommend [DigitalOcean](https://www.digitalocean.com/)
. [DigitalOcean](https://www.digitalocean.com/)
 has a cheap $4-6/month plan for a small server that can be freely configured to do whatever you need.

Back to top

---

# Recommended Software - CTF Handbook

 

[Skip to content](https://ctf101.org/faq/recommended-software/#recommended-software)

Recommended Software
====================

Generally in cyber security competitions, it is up to you and your team to determine what software to use. In some cases you may even end up creating new tools to give you an edge! That being said, here are some applications that we recommend for most competitors for most competitions.

Disassemblers/Decompilers
-------------------------

*   [Ghidra](https://ghidra-sre.org/)
    
    Ghidra is a disassembler and decompiler that is open source and free to use. Released by the NSA, Ghidra is a capable tool and is the recommended disassembler for most use cases. An alternative is IDA Pro (a cyber security industry standard), however IDA Pro is not free and licenses are very expensive.
    
*   [Binary Ninja](https://binary.ninja/)
    
    Binary Ninja is a commercial disassembler (with a free demo application) that provides an aesthetic and easy to use interface for binary reverse engineering. It also has a Web-UI which can be used freely. Binary Ninja's API and intermediate language make it superior than other disassemblers for certain use cases.
    

Debuggers
---------

*   [Pwndbg for GDB](https://github.com/pwndbg/pwndbg/)
    
    Pwndbg is a plugin for the GNU Debugger (gdb) which makes it easier to dynamically reverse an application by stepping through its execution. In order to use pwndbg you will first need to have gdb installed via a Linux virtual machine or similar.
    
*   [WinDbg](https://docs.microsoft.com/en-us/windows-hardware/drivers/debugger/)
    
    WinDbg is a debugger for Windows applications.
    

Web Tools
---------

*   [Burp Suite](https://portswigger.net/burp/communitydownload/)
    
    Burp Suite is an HTTP proxy and set of tools which allow you to view, edit and replay your HTTP requests. While Burp Suite is a commercial tool, it offers a free version which is very capable and usually all that's needed.
    
*   [sqlmap](http://sqlmap.org/)
    
    sqlmap is a penetration testing tool that automates the process of detecting and exploiting SQL injection flaws. It's open source and freely available.
    
*   [Google Chrome](https://www.google.com/chrome/)
    
    Google Chrome is a web browser with a suite of developer tools and extensions. These tools and extensions can be useful when investigating a web application.
    
*   [Wireshark](https://www.wireshark.org/download.html)
    
    Wireshark is a PCAP analysis tool which allows you to analyze and record network traffic.
    

Virtualization
--------------

*   [VMware](https://www.vmware.com/products/personal-desktop-virtualization.html/)
    
    VMware is a company that creates virtualization software that allows you to run other operating systems within your existing operating system. While their products are not generally free, their software is best in class for virtualization.
    
    VMWare Fusion, VMWare Workstation, and VMWare Player are three of their virtualization products that can be used on your computer to run other OS'es. [VMWare Player](http://www.vmware.com/go/downloadplayer/)
     is free to use for Windows and Linux.
    
*   [VirtualBox](https://www.virtualbox.org/)
    
    VirtualBox is open source virtualization software which allows you to virtualize other operating systems. It's very similar to VMWare products but free for all OS'es. It is generally slower than VMWare but works well enough for most people.
    

Programming
-----------

*   [Python](https://www.python.org/downloads/)
    
    Python is an easy-to-learn, widely used programming language which supports complex applications as well as small scripts. It has a large community which provides thousands of useful packages. Python is widely used in the cyber security industry and is generally the recommended language to use in CTF competition.
    
*   [pwntools](http://docs.pwntools.com/en/stable/install.html)
    
    Pwntools is a Python package which makes interacting with processes and networks easy. It is a recommended library for interacting with binary exploitation and networking based CTF challenges.
    
    Note
    
    You can run [pwntools](http://docs.pwntools.com/en/stable/install.html)
     right in your browser by using [repl.it](https://repl.it/)
    . Create a new Python repl and install the `pwntools` package. After that you'll be able to use pwntools directly from your browser without having to install anything.
    

Miscellaneous
-------------

*   [CyberChef](https://gchq.github.io/CyberChef/)
    
    CyberChef is a simple web app for analysing and decoding data without having to deal with complex tools or programming languages.
    

Back to top

---

